;  LST file generated by mikroListExporter - v.2.0 
; Date/Time: 5/28/2025 1:27:03 AM
;----------------------------------------------

;Address Opcode 	ASM
0x0000	0x2BF5      	GOTO       1013
_interrupt:
0x0004	0x00FF      	MOVWF      R15
0x0005	0x0E03      	SWAPF      STATUS, 0
0x0006	0x0183      	CLRF       STATUS
0x0007	0x00C1      	MOVWF      ___saveSTATUS
0x0008	0x080A      	MOVF       PCLATH, 0
0x0009	0x00C2      	MOVWF      ___savePCLATH
0x000A	0x018A      	CLRF       PCLATH
0x000B	0x0870      	MOVF       R0, 0
0x000C	0x00AA      	MOVWF      42
0x000D	0x0871      	MOVF       R1, 0
0x000E	0x00A9      	MOVWF      41
0x000F	0x0872      	MOVF       R2, 0
0x0010	0x00A8      	MOVWF      40
0x0011	0x0873      	MOVF       R3, 0
0x0012	0x00A7      	MOVWF      39
0x0013	0x0874      	MOVF       R4, 0
0x0014	0x00A6      	MOVWF      38
0x0015	0x0875      	MOVF       R5, 0
0x0016	0x00A5      	MOVWF      37
0x0017	0x0878      	MOVF       R8, 0
0x0018	0x00A4      	MOVWF      36
0x0019	0x0879      	MOVF       R9, 0
0x001A	0x00A3      	MOVWF      35
0x001B	0x087B      	MOVF       R11, 0
0x001C	0x00A2      	MOVWF      34
0x001D	0x087C      	MOVF       R12, 0
0x001E	0x00A1      	MOVWF      33
;embedded_firefighter.c,67 :: 		void interrupt(void){
;embedded_firefighter.c,68 :: 		if(INTCON & 0x04) {            // Timer0 overflow interrupt (every 1ms)
0x001F	0x1D0B      	BTFSS      INTCON, 2
0x0020	0x2847      	GOTO       L_interrupt2
;embedded_firefighter.c,69 :: 		TMR0 = 248;                // Reload Timer0 to overflow after ~1ms
0x0021	0x30F8      	MOVLW      248
0x0022	0x0081      	MOVWF      TMR0
;embedded_firefighter.c,70 :: 		Dcntr++;                   // Increment delay counter
0x0023	0x0AB9      	INCF       _Dcntr, 1
0x0024	0x1903      	BTFSC      STATUS, 2
0x0025	0x0ABA      	INCF       _Dcntr+1, 1
;embedded_firefighter.c,71 :: 		if(Dcntr == 500) {         // Every 500 ms
0x0026	0x083A      	MOVF       _Dcntr+1, 0
0x0027	0x3A01      	XORLW      1
0x0028	0x1D03      	BTFSS      STATUS, 2
0x0029	0x282C      	GOTO       L__interrupt47
0x002A	0x30F4      	MOVLW      244
0x002B	0x0639      	XORWF      _Dcntr, 0
L__interrupt47:
0x002C	0x1D03      	BTFSS      STATUS, 2
0x002D	0x2845      	GOTO       L_interrupt3
;embedded_firefighter.c,72 :: 		Dcntr = 0;
0x002E	0x01B9      	CLRF       _Dcntr
0x002F	0x01BA      	CLRF       _Dcntr+1
;embedded_firefighter.c,73 :: 		read_sonar();          // Read sonar distance
0x0030	0x234C      	CALL       _read_sonar
;embedded_firefighter.c,74 :: 		myreading = ATD_read(); // Read ADC value
0x0031	0x22C3      	CALL       _ATD_read
0x0032	0x0870      	MOVF       R0, 0
0x0033	0x1283      	BCF        STATUS, 5
0x0034	0x00BB      	MOVWF      _myreading
0x0035	0x0871      	MOVF       R0+1, 0
0x0036	0x00BC      	MOVWF      _myreading+1
;embedded_firefighter.c,75 :: 		myVoltage = (unsigned int)(myreading * 500) / 1023;  // Convert ADC reading to voltage (0-500 scale)
0x0037	0x30F4      	MOVLW      244
0x0038	0x00F4      	MOVWF      R4
0x0039	0x3001      	MOVLW      1
0x003A	0x00F5      	MOVWF      R4+1
0x003B	0x22D2      	CALL       _Mul_16X16_U
0x003C	0x30FF      	MOVLW      255
0x003D	0x00F4      	MOVWF      R4
0x003E	0x3003      	MOVLW      3
0x003F	0x00F5      	MOVWF      R4+1
0x0040	0x2279      	CALL       _Div_16X16_U
0x0041	0x0870      	MOVF       R0, 0
0x0042	0x00B7      	MOVWF      _myVoltage
0x0043	0x0871      	MOVF       R0+1, 0
0x0044	0x00B8      	MOVWF      _myVoltage+1
;embedded_firefighter.c,76 :: 		}
L_interrupt3:
;embedded_firefighter.c,77 :: 		INTCON = INTCON & 0xFB;    // Clear Timer0 overflow interrupt flag (T0IF)
0x0045	0x30FB      	MOVLW      251
0x0046	0x058B      	ANDWF      INTCON, 1
;embedded_firefighter.c,78 :: 		}
L_interrupt2:
;embedded_firefighter.c,79 :: 		if(PIR1 & 0x04) {              // CCP1 interrupt (not used here)
0x0047	0x1D0C      	BTFSS      PIR1, 2
0x0048	0x284B      	GOTO       L_interrupt4
;embedded_firefighter.c,80 :: 		PIR1 = PIR1 & 0xFB;        // Clear CCP1 interrupt flag
0x0049	0x30FB      	MOVLW      251
0x004A	0x058C      	ANDWF      PIR1, 1
;embedded_firefighter.c,81 :: 		}
L_interrupt4:
;embedded_firefighter.c,82 :: 		if(PIR1 & 0x01) {              // Timer1 overflow interrupt
0x004B	0x1C0C      	BTFSS      PIR1, 0
0x004C	0x2852      	GOTO       L_interrupt5
;embedded_firefighter.c,83 :: 		T1overflow++;              // Increment Timer1 overflow counter
0x004D	0x0AAD      	INCF       _T1overflow, 1
0x004E	0x1903      	BTFSC      STATUS, 2
0x004F	0x0AAE      	INCF       _T1overflow+1, 1
;embedded_firefighter.c,84 :: 		PIR1 = PIR1 & 0xFE;        // Clear Timer1 overflow flag
0x0050	0x30FE      	MOVLW      254
0x0051	0x058C      	ANDWF      PIR1, 1
;embedded_firefighter.c,85 :: 		}
L_interrupt5:
;embedded_firefighter.c,86 :: 		if(INTCON & 0x02) {            // External interrupt
0x0052	0x1C8B      	BTFSS      INTCON, 1
0x0053	0x2856      	GOTO       L_interrupt6
;embedded_firefighter.c,87 :: 		INTCON = INTCON & 0xFD;    // Clear external interrupt flag
0x0054	0x30FD      	MOVLW      253
0x0055	0x058B      	ANDWF      INTCON, 1
;embedded_firefighter.c,88 :: 		}
L_interrupt6:
;embedded_firefighter.c,89 :: 		}
L_end_interrupt:
L__interrupt46:
0x0056	0x082A      	MOVF       42, 0
0x0057	0x00F0      	MOVWF      R0
0x0058	0x0829      	MOVF       41, 0
0x0059	0x00F1      	MOVWF      R1
0x005A	0x0828      	MOVF       40, 0
0x005B	0x00F2      	MOVWF      R2
0x005C	0x0827      	MOVF       39, 0
0x005D	0x00F3      	MOVWF      R3
0x005E	0x0826      	MOVF       38, 0
0x005F	0x00F4      	MOVWF      R4
0x0060	0x0825      	MOVF       37, 0
0x0061	0x00F5      	MOVWF      R5
0x0062	0x0824      	MOVF       36, 0
0x0063	0x00F8      	MOVWF      R8
0x0064	0x0823      	MOVF       35, 0
0x0065	0x00F9      	MOVWF      R9
0x0066	0x0822      	MOVF       34, 0
0x0067	0x00FB      	MOVWF      R11
0x0068	0x0821      	MOVF       33, 0
0x0069	0x00FC      	MOVWF      R12
0x006A	0x0842      	MOVF       ___savePCLATH, 0
0x006B	0x008A      	MOVWF      PCLATH
0x006C	0x0E41      	SWAPF      ___saveSTATUS, 0
0x006D	0x0083      	MOVWF      STATUS
0x006E	0x0EFF      	SWAPF      R15, 1
0x006F	0x0E7F      	SWAPF      R15, 0
0x0070	0x0009      	RETFIE
; end of _interrupt
_usDelay:
;embedded_firefighter.c,191 :: 		void usDelay(unsigned int usCnt) {
;embedded_firefighter.c,192 :: 		unsigned int us = 0;
0x0071	0x1283      	BCF        STATUS, 5
0x0072	0x1303      	BCF        STATUS, 6
0x0073	0x01C9      	CLRF       usDelay_us_L0
0x0074	0x01CA      	CLRF       usDelay_us_L0+1
;embedded_firefighter.c,193 :: 		for (us = 0; us < usCnt; us++) {
0x0075	0x01C9      	CLRF       usDelay_us_L0
0x0076	0x01CA      	CLRF       usDelay_us_L0+1
L_usDelay24:
0x0077	0x0848      	MOVF       FARG_usDelay_usCnt+1, 0
0x0078	0x024A      	SUBWF      usDelay_us_L0+1, 0
0x0079	0x1D03      	BTFSS      STATUS, 2
0x007A	0x287D      	GOTO       L__usDelay57
0x007B	0x0847      	MOVF       FARG_usDelay_usCnt, 0
0x007C	0x0249      	SUBWF      usDelay_us_L0, 0
L__usDelay57:
0x007D	0x1803      	BTFSC      STATUS, 0
0x007E	0x2885      	GOTO       L_usDelay25
;embedded_firefighter.c,194 :: 		asm NOP;  // 0.5 us delay
0x007F	0x0000      	NOP
;embedded_firefighter.c,195 :: 		asm NOP;  // 0.5 us delay (total 1 us)
0x0080	0x0000      	NOP
;embedded_firefighter.c,193 :: 		for (us = 0; us < usCnt; us++) {
0x0081	0x0AC9      	INCF       usDelay_us_L0, 1
0x0082	0x1903      	BTFSC      STATUS, 2
0x0083	0x0ACA      	INCF       usDelay_us_L0+1, 1
;embedded_firefighter.c,196 :: 		}
0x0084	0x2877      	GOTO       L_usDelay24
L_usDelay25:
;embedded_firefighter.c,197 :: 		}
L_end_usDelay:
0x0085	0x0008      	RETURN
; end of _usDelay
_Mul_32x32_U:
;__Lib_Math.c,1775 :: 		
;__Lib_Math.c,1790 :: 		
0x0086	0x1283      	BCF        STATUS, 5
;__Lib_Math.c,1791 :: 		
0x0087	0x1303      	BCF        STATUS, 6
;__Lib_Math.c,1792 :: 		
0x0088	0x3022      	MOVLW      34
;__Lib_Math.c,1793 :: 		
0x0089	0x00FC      	MOVWF      R12
;__Lib_Math.c,1794 :: 		
0x008A	0x01F8      	CLRF       R8
;__Lib_Math.c,1795 :: 		
0x008B	0x01F9      	CLRF       R9
;__Lib_Math.c,1796 :: 		
0x008C	0x01FA      	CLRF       R10
;__Lib_Math.c,1797 :: 		
0x008D	0x01FB      	CLRF       R11
;__Lib_Math.c,1799 :: 		
_NEXT:
;__Lib_Math.c,1803 :: 		
0x008E	0x03FC      	DECF       R12, 1
;__Lib_Math.c,1804 :: 		
0x008F	0x1903      	BTFSC      STATUS, 2
;__Lib_Math.c,1805 :: 		
0x0090	0x28BC      	GOTO       _EXIT2
;__Lib_Math.c,1806 :: 		
0x0091	0x1003      	BCF        STATUS, 0
;__Lib_Math.c,1808 :: 		
_LOOP:
;__Lib_Math.c,1817 :: 		
0x0092	0x0CFB      	RRF        R11, 1
;__Lib_Math.c,1818 :: 		
0x0093	0x0CFA      	RRF        R10, 1
;__Lib_Math.c,1819 :: 		
0x0094	0x0CF9      	RRF        R9, 1
;__Lib_Math.c,1820 :: 		
0x0095	0x0CF8      	RRF        R8, 1
;__Lib_Math.c,1821 :: 		
0x0096	0x0CF3      	RRF        R3, 1
;__Lib_Math.c,1822 :: 		
0x0097	0x0CF2      	RRF        R2, 1
;__Lib_Math.c,1823 :: 		
0x0098	0x0CF1      	RRF        R1, 1
;__Lib_Math.c,1824 :: 		
0x0099	0x0CF0      	RRF        R0, 1
;__Lib_Math.c,1829 :: 		
0x009A	0x1C03      	BTFSS      STATUS, 0
;__Lib_Math.c,1830 :: 		
0x009B	0x288E      	GOTO       _NEXT
;__Lib_Math.c,1831 :: 		
0x009C	0x03FC      	DECF       R12, 1
;__Lib_Math.c,1832 :: 		
0x009D	0x1903      	BTFSC      STATUS, 2
;__Lib_Math.c,1833 :: 		
0x009E	0x28AE      	GOTO       _EXIT1
;__Lib_Math.c,1840 :: 		
0x009F	0x0874      	MOVF       R4, 0
;__Lib_Math.c,1841 :: 		
0x00A0	0x07F8      	ADDWF      R8, 1
;__Lib_Math.c,1842 :: 		
0x00A1	0x0875      	MOVF       R5, 0
;__Lib_Math.c,1843 :: 		
0x00A2	0x1803      	BTFSC      STATUS, 0
;__Lib_Math.c,1844 :: 		
0x00A3	0x0F75      	INCFSZ     R5, 0
;__Lib_Math.c,1845 :: 		
0x00A4	0x07F9      	ADDWF      R9, 1
;__Lib_Math.c,1846 :: 		
0x00A5	0x0876      	MOVF       R6, 0
;__Lib_Math.c,1847 :: 		
0x00A6	0x1803      	BTFSC      STATUS, 0
;__Lib_Math.c,1848 :: 		
0x00A7	0x0F76      	INCFSZ     R6, 0
;__Lib_Math.c,1849 :: 		
0x00A8	0x07FA      	ADDWF      R10, 1
;__Lib_Math.c,1850 :: 		
0x00A9	0x0877      	MOVF       R7, 0
;__Lib_Math.c,1851 :: 		
0x00AA	0x1803      	BTFSC      STATUS, 0
;__Lib_Math.c,1852 :: 		
0x00AB	0x0F77      	INCFSZ     R7, 0
;__Lib_Math.c,1853 :: 		
0x00AC	0x07FB      	ADDWF      R11, 1
;__Lib_Math.c,1855 :: 		
0x00AD	0x2892      	GOTO       _LOOP
;__Lib_Math.c,1857 :: 		
_EXIT1:
;__Lib_Math.c,1862 :: 		
0x00AE	0x0874      	MOVF       R4, 0
;__Lib_Math.c,1863 :: 		
0x00AF	0x07F8      	ADDWF      R8, 1
;__Lib_Math.c,1864 :: 		
0x00B0	0x0875      	MOVF       R5, 0
;__Lib_Math.c,1865 :: 		
0x00B1	0x1803      	BTFSC      STATUS, 0
;__Lib_Math.c,1866 :: 		
0x00B2	0x0F75      	INCFSZ     R5, 0
;__Lib_Math.c,1867 :: 		
0x00B3	0x07F9      	ADDWF      R9, 1
;__Lib_Math.c,1868 :: 		
0x00B4	0x0876      	MOVF       R6, 0
;__Lib_Math.c,1869 :: 		
0x00B5	0x1803      	BTFSC      STATUS, 0
;__Lib_Math.c,1870 :: 		
0x00B6	0x0F76      	INCFSZ     R6, 0
;__Lib_Math.c,1871 :: 		
0x00B7	0x07FA      	ADDWF      R10, 1
;__Lib_Math.c,1872 :: 		
0x00B8	0x0877      	MOVF       R7, 0
;__Lib_Math.c,1873 :: 		
0x00B9	0x1803      	BTFSC      STATUS, 0
;__Lib_Math.c,1874 :: 		
0x00BA	0x0F77      	INCFSZ     R7, 0
;__Lib_Math.c,1875 :: 		
0x00BB	0x07FB      	ADDWF      R11, 1
;__Lib_Math.c,1878 :: 		
_EXIT2:
;__Lib_Math.c,1880 :: 		
L_end_Mul_32x32_U:
0x00BC	0x0008      	RETURN
; end of _Mul_32x32_U
_Div_32x32_U:
;__Lib_Math.c,1318 :: 		
;__Lib_Math.c,1327 :: 		
;__Lib_Math.c,1329 :: 		
0x00BD	0x1283      	BCF        STATUS, 5
;__Lib_Math.c,1330 :: 		
0x00BE	0x1303      	BCF        STATUS, 6
;__Lib_Math.c,1331 :: 		
0x00BF	0x01FB      	CLRF       R11
;__Lib_Math.c,1332 :: 		
0x00C0	0x01FA      	CLRF       R10
;__Lib_Math.c,1333 :: 		
0x00C1	0x01F9      	CLRF       R9
;__Lib_Math.c,1334 :: 		
0x00C2	0x01F8      	CLRF       R8
;__Lib_Math.c,1336 :: 		
0x00C3	0x01A0      	CLRF       ___math_tempb
;__Lib_Math.c,1338 :: 		
0x00C4	0x0D73      	RLF        R3, 0
;__Lib_Math.c,1339 :: 		
0x00C5	0x0DF8      	RLF        R8, 1
;__Lib_Math.c,1340 :: 		
0x00C6	0x0874      	MOVF       R4, 0
;__Lib_Math.c,1341 :: 		
0x00C7	0x02F8      	SUBWF      R8, 1
;__Lib_Math.c,1342 :: 		
0x00C8	0x0875      	MOVF       R5, 0
;__Lib_Math.c,1343 :: 		
0x00C9	0x1C03      	BTFSS      STATUS, 0
;__Lib_Math.c,1344 :: 		
0x00CA	0x0F75      	INCFSZ     R5, 0
;__Lib_Math.c,1345 :: 		
0x00CB	0x02F9      	SUBWF      R9, 1
;__Lib_Math.c,1346 :: 		
0x00CC	0x0876      	MOVF       R6, 0
;__Lib_Math.c,1347 :: 		
0x00CD	0x1C03      	BTFSS      STATUS, 0
;__Lib_Math.c,1348 :: 		
0x00CE	0x0F76      	INCFSZ     R6, 0
;__Lib_Math.c,1349 :: 		
0x00CF	0x02FA      	SUBWF      R10, 1
;__Lib_Math.c,1350 :: 		
0x00D0	0x0877      	MOVF       R7, 0
;__Lib_Math.c,1351 :: 		
0x00D1	0x1C03      	BTFSS      STATUS, 0
;__Lib_Math.c,1352 :: 		
0x00D2	0x0F77      	INCFSZ     R7, 0
;__Lib_Math.c,1353 :: 		
0x00D3	0x02FB      	SUBWF      R11, 1
;__Lib_Math.c,1355 :: 		
0x00D4	0x0100      	CLRW
;__Lib_Math.c,1356 :: 		
0x00D5	0x1C03      	BTFSS      STATUS, 0
;__Lib_Math.c,1357 :: 		
0x00D6	0x3001      	MOVLW      1
;__Lib_Math.c,1358 :: 		
0x00D7	0x02A0      	SUBWF      ___math_tempb, 1
;__Lib_Math.c,1359 :: 		
0x00D8	0x0DF3      	RLF        R3, 1
;__Lib_Math.c,1361 :: 		
0x00D9	0x3007      	MOVLW      7
;__Lib_Math.c,1362 :: 		
0x00DA	0x00FC      	MOVWF      R12
;__Lib_Math.c,1364 :: 		
LOOPU3232A:
;__Lib_Math.c,1365 :: 		
0x00DB	0x0D73      	RLF        R3, 0
;__Lib_Math.c,1366 :: 		
0x00DC	0x0DF8      	RLF        R8, 1
;__Lib_Math.c,1367 :: 		
0x00DD	0x0DF9      	RLF        R9, 1
;__Lib_Math.c,1368 :: 		
0x00DE	0x0DFA      	RLF        R10, 1
;__Lib_Math.c,1369 :: 		
0x00DF	0x0DFB      	RLF        R11, 1
;__Lib_Math.c,1370 :: 		
0x00E0	0x0DA0      	RLF        ___math_tempb, 1
;__Lib_Math.c,1371 :: 		
0x00E1	0x0874      	MOVF       R4, 0
;__Lib_Math.c,1372 :: 		
0x00E2	0x1C73      	BTFSS      R3, 0
;__Lib_Math.c,1373 :: 		
0x00E3	0x28F6      	GOTO       UADD22LA
;__Lib_Math.c,1375 :: 		
0x00E4	0x02F8      	SUBWF      R8, 1
;__Lib_Math.c,1376 :: 		
0x00E5	0x0875      	MOVF       R5, 0
;__Lib_Math.c,1377 :: 		
0x00E6	0x1C03      	BTFSS      STATUS, 0
;__Lib_Math.c,1378 :: 		
0x00E7	0x0F75      	INCFSZ     R5, 0
;__Lib_Math.c,1379 :: 		
0x00E8	0x02F9      	SUBWF      R9, 1
;__Lib_Math.c,1380 :: 		
0x00E9	0x0876      	MOVF       R6, 0
;__Lib_Math.c,1381 :: 		
0x00EA	0x1C03      	BTFSS      STATUS, 0
;__Lib_Math.c,1382 :: 		
0x00EB	0x0F76      	INCFSZ     R6, 0
;__Lib_Math.c,1383 :: 		
0x00EC	0x02FA      	SUBWF      R10, 1
;__Lib_Math.c,1384 :: 		
0x00ED	0x0877      	MOVF       R7, 0
;__Lib_Math.c,1385 :: 		
0x00EE	0x1C03      	BTFSS      STATUS, 0
;__Lib_Math.c,1386 :: 		
0x00EF	0x0F77      	INCFSZ     R7, 0
;__Lib_Math.c,1387 :: 		
0x00F0	0x02FB      	SUBWF      R11, 1
;__Lib_Math.c,1388 :: 		
0x00F1	0x0100      	CLRW
;__Lib_Math.c,1389 :: 		
0x00F2	0x1C03      	BTFSS      STATUS, 0
;__Lib_Math.c,1390 :: 		
0x00F3	0x3001      	MOVLW      1
;__Lib_Math.c,1391 :: 		
0x00F4	0x02A0      	SUBWF      ___math_tempb, 1
;__Lib_Math.c,1392 :: 		
0x00F5	0x2907      	GOTO       UOK22LA
;__Lib_Math.c,1394 :: 		
UADD22LA:
;__Lib_Math.c,1395 :: 		
0x00F6	0x07F8      	ADDWF      R8, 1
;__Lib_Math.c,1396 :: 		
0x00F7	0x0875      	MOVF       R5, 0
;__Lib_Math.c,1397 :: 		
0x00F8	0x1803      	BTFSC      STATUS, 0
;__Lib_Math.c,1398 :: 		
0x00F9	0x0F75      	INCFSZ     R5, 0
;__Lib_Math.c,1399 :: 		
0x00FA	0x07F9      	ADDWF      R9, 1
;__Lib_Math.c,1400 :: 		
0x00FB	0x0876      	MOVF       R6, 0
;__Lib_Math.c,1401 :: 		
0x00FC	0x1803      	BTFSC      STATUS, 0
;__Lib_Math.c,1402 :: 		
0x00FD	0x0F76      	INCFSZ     R6, 0
;__Lib_Math.c,1403 :: 		
0x00FE	0x07FA      	ADDWF      R10, 1
;__Lib_Math.c,1404 :: 		
0x00FF	0x0877      	MOVF       R7, 0
;__Lib_Math.c,1405 :: 		
0x0100	0x1803      	BTFSC      STATUS, 0
;__Lib_Math.c,1406 :: 		
0x0101	0x0F77      	INCFSZ     R7, 0
;__Lib_Math.c,1407 :: 		
0x0102	0x07FB      	ADDWF      R11, 1
;__Lib_Math.c,1408 :: 		
0x0103	0x0100      	CLRW
;__Lib_Math.c,1409 :: 		
0x0104	0x1803      	BTFSC      STATUS, 0
;__Lib_Math.c,1410 :: 		
0x0105	0x3001      	MOVLW      1
;__Lib_Math.c,1411 :: 		
0x0106	0x07A0      	ADDWF      ___math_tempb, 1
;__Lib_Math.c,1413 :: 		
UOK22LA:
;__Lib_Math.c,1414 :: 		
0x0107	0x0DF3      	RLF        R3, 1
;__Lib_Math.c,1416 :: 		
0x0108	0x0BFC      	DECFSZ     R12, 1
;__Lib_Math.c,1417 :: 		
0x0109	0x28DB      	GOTO       LOOPU3232A
;__Lib_Math.c,1419 :: 		
0x010A	0x0D72      	RLF        R2, 0
;__Lib_Math.c,1420 :: 		
0x010B	0x0DF8      	RLF        R8, 1
;__Lib_Math.c,1421 :: 		
0x010C	0x0DF9      	RLF        R9, 1
;__Lib_Math.c,1422 :: 		
0x010D	0x0DFA      	RLF        R10, 1
;__Lib_Math.c,1423 :: 		
0x010E	0x0DFB      	RLF        R11, 1
;__Lib_Math.c,1424 :: 		
0x010F	0x0DA0      	RLF        ___math_tempb, 1
;__Lib_Math.c,1425 :: 		
0x0110	0x0874      	MOVF       R4, 0
;__Lib_Math.c,1426 :: 		
0x0111	0x1C73      	BTFSS      R3, 0
;__Lib_Math.c,1427 :: 		
0x0112	0x2925      	GOTO       UADD22L8
;__Lib_Math.c,1429 :: 		
0x0113	0x02F8      	SUBWF      R8, 1
;__Lib_Math.c,1430 :: 		
0x0114	0x0875      	MOVF       R5, 0
;__Lib_Math.c,1431 :: 		
0x0115	0x1C03      	BTFSS      STATUS, 0
;__Lib_Math.c,1432 :: 		
0x0116	0x0F75      	INCFSZ     R5, 0
;__Lib_Math.c,1433 :: 		
0x0117	0x02F9      	SUBWF      R9, 1
;__Lib_Math.c,1434 :: 		
0x0118	0x0876      	MOVF       R6, 0
;__Lib_Math.c,1435 :: 		
0x0119	0x1C03      	BTFSS      STATUS, 0
;__Lib_Math.c,1436 :: 		
0x011A	0x0F76      	INCFSZ     R6, 0
;__Lib_Math.c,1437 :: 		
0x011B	0x02FA      	SUBWF      R10, 1
;__Lib_Math.c,1438 :: 		
0x011C	0x0877      	MOVF       R7, 0
;__Lib_Math.c,1439 :: 		
0x011D	0x1C03      	BTFSS      STATUS, 0
;__Lib_Math.c,1440 :: 		
0x011E	0x0F77      	INCFSZ     R7, 0
;__Lib_Math.c,1441 :: 		
0x011F	0x02FB      	SUBWF      R11, 1
;__Lib_Math.c,1442 :: 		
0x0120	0x0100      	CLRW
;__Lib_Math.c,1443 :: 		
0x0121	0x1C03      	BTFSS      STATUS, 0
;__Lib_Math.c,1444 :: 		
0x0122	0x3001      	MOVLW      1
;__Lib_Math.c,1445 :: 		
0x0123	0x02A0      	SUBWF      ___math_tempb, 1
;__Lib_Math.c,1446 :: 		
0x0124	0x2936      	GOTO       UOK22L8
;__Lib_Math.c,1448 :: 		
UADD22L8:
;__Lib_Math.c,1449 :: 		
0x0125	0x07F8      	ADDWF      R8, 1
;__Lib_Math.c,1450 :: 		
0x0126	0x0875      	MOVF       R5, 0
;__Lib_Math.c,1451 :: 		
0x0127	0x1803      	BTFSC      STATUS, 0
;__Lib_Math.c,1452 :: 		
0x0128	0x0F75      	INCFSZ     R5, 0
;__Lib_Math.c,1453 :: 		
0x0129	0x07F9      	ADDWF      R9, 1
;__Lib_Math.c,1454 :: 		
0x012A	0x0876      	MOVF       R6, 0
;__Lib_Math.c,1455 :: 		
0x012B	0x1803      	BTFSC      STATUS, 0
;__Lib_Math.c,1456 :: 		
0x012C	0x0F76      	INCFSZ     R6, 0
;__Lib_Math.c,1457 :: 		
0x012D	0x07FA      	ADDWF      R10, 1
;__Lib_Math.c,1458 :: 		
0x012E	0x0877      	MOVF       R7, 0
;__Lib_Math.c,1459 :: 		
0x012F	0x1803      	BTFSC      STATUS, 0
;__Lib_Math.c,1460 :: 		
0x0130	0x0F77      	INCFSZ     R7, 0
;__Lib_Math.c,1461 :: 		
0x0131	0x07FB      	ADDWF      R11, 1
;__Lib_Math.c,1462 :: 		
0x0132	0x0100      	CLRW
;__Lib_Math.c,1463 :: 		
0x0133	0x1803      	BTFSC      STATUS, 0
;__Lib_Math.c,1464 :: 		
0x0134	0x3001      	MOVLW      1
;__Lib_Math.c,1465 :: 		
0x0135	0x07A0      	ADDWF      ___math_tempb, 1
;__Lib_Math.c,1467 :: 		
UOK22L8:
;__Lib_Math.c,1468 :: 		
0x0136	0x0DF2      	RLF        R2, 1
;__Lib_Math.c,1470 :: 		
0x0137	0x3007      	MOVLW      7
;__Lib_Math.c,1471 :: 		
0x0138	0x00FC      	MOVWF      R12
;__Lib_Math.c,1473 :: 		
LOOPU3232B:
;__Lib_Math.c,1474 :: 		
0x0139	0x0D72      	RLF        R2, 0
;__Lib_Math.c,1475 :: 		
0x013A	0x0DF8      	RLF        R8, 1
;__Lib_Math.c,1476 :: 		
0x013B	0x0DF9      	RLF        R9, 1
;__Lib_Math.c,1477 :: 		
0x013C	0x0DFA      	RLF        R10, 1
;__Lib_Math.c,1478 :: 		
0x013D	0x0DFB      	RLF        R11, 1
;__Lib_Math.c,1479 :: 		
0x013E	0x0DA0      	RLF        ___math_tempb, 1
;__Lib_Math.c,1480 :: 		
0x013F	0x0874      	MOVF       R4, 0
;__Lib_Math.c,1481 :: 		
0x0140	0x1C72      	BTFSS      R2, 0
;__Lib_Math.c,1482 :: 		
0x0141	0x2954      	GOTO       UADD22LB
;__Lib_Math.c,1484 :: 		
0x0142	0x02F8      	SUBWF      R8, 1
;__Lib_Math.c,1485 :: 		
0x0143	0x0875      	MOVF       R5, 0
;__Lib_Math.c,1486 :: 		
0x0144	0x1C03      	BTFSS      STATUS, 0
;__Lib_Math.c,1487 :: 		
0x0145	0x0F75      	INCFSZ     R5, 0
;__Lib_Math.c,1488 :: 		
0x0146	0x02F9      	SUBWF      R9, 1
;__Lib_Math.c,1489 :: 		
0x0147	0x0876      	MOVF       R6, 0
;__Lib_Math.c,1490 :: 		
0x0148	0x1C03      	BTFSS      STATUS, 0
;__Lib_Math.c,1491 :: 		
0x0149	0x0F76      	INCFSZ     R6, 0
;__Lib_Math.c,1492 :: 		
0x014A	0x02FA      	SUBWF      R10, 1
;__Lib_Math.c,1493 :: 		
0x014B	0x0877      	MOVF       R7, 0
;__Lib_Math.c,1494 :: 		
0x014C	0x1C03      	BTFSS      STATUS, 0
;__Lib_Math.c,1495 :: 		
0x014D	0x0F77      	INCFSZ     R7, 0
;__Lib_Math.c,1496 :: 		
0x014E	0x02FB      	SUBWF      R11, 1
;__Lib_Math.c,1497 :: 		
0x014F	0x0100      	CLRW
;__Lib_Math.c,1498 :: 		
0x0150	0x1C03      	BTFSS      STATUS, 0
;__Lib_Math.c,1499 :: 		
0x0151	0x3001      	MOVLW      1
;__Lib_Math.c,1500 :: 		
0x0152	0x02A0      	SUBWF      ___math_tempb, 1
;__Lib_Math.c,1501 :: 		
0x0153	0x2965      	GOTO       UOK22LB
;__Lib_Math.c,1503 :: 		
UADD22LB:
;__Lib_Math.c,1504 :: 		
0x0154	0x07F8      	ADDWF      R8, 1
;__Lib_Math.c,1505 :: 		
0x0155	0x0875      	MOVF       R5, 0
;__Lib_Math.c,1506 :: 		
0x0156	0x1803      	BTFSC      STATUS, 0
;__Lib_Math.c,1507 :: 		
0x0157	0x0F75      	INCFSZ     R5, 0
;__Lib_Math.c,1508 :: 		
0x0158	0x07F9      	ADDWF      R9, 1
;__Lib_Math.c,1509 :: 		
0x0159	0x0876      	MOVF       R6, 0
;__Lib_Math.c,1510 :: 		
0x015A	0x1803      	BTFSC      STATUS, 0
;__Lib_Math.c,1511 :: 		
0x015B	0x0F76      	INCFSZ     R6, 0
;__Lib_Math.c,1512 :: 		
0x015C	0x07FA      	ADDWF      R10, 1
;__Lib_Math.c,1513 :: 		
0x015D	0x0877      	MOVF       R7, 0
;__Lib_Math.c,1514 :: 		
0x015E	0x1803      	BTFSC      STATUS, 0
;__Lib_Math.c,1515 :: 		
0x015F	0x0F77      	INCFSZ     R7, 0
;__Lib_Math.c,1516 :: 		
0x0160	0x07FB      	ADDWF      R11, 1
;__Lib_Math.c,1517 :: 		
0x0161	0x0100      	CLRW
;__Lib_Math.c,1518 :: 		
0x0162	0x1803      	BTFSC      STATUS, 0
;__Lib_Math.c,1519 :: 		
0x0163	0x3001      	MOVLW      1
;__Lib_Math.c,1520 :: 		
0x0164	0x07A0      	ADDWF      ___math_tempb, 1
;__Lib_Math.c,1522 :: 		
UOK22LB:
;__Lib_Math.c,1523 :: 		
0x0165	0x0DF2      	RLF        R2, 1
;__Lib_Math.c,1525 :: 		
0x0166	0x0BFC      	DECFSZ     R12, 1
;__Lib_Math.c,1526 :: 		
0x0167	0x2939      	GOTO       LOOPU3232B
;__Lib_Math.c,1528 :: 		
0x0168	0x0D71      	RLF        R1, 0
;__Lib_Math.c,1529 :: 		
0x0169	0x0DF8      	RLF        R8, 1
;__Lib_Math.c,1530 :: 		
0x016A	0x0DF9      	RLF        R9, 1
;__Lib_Math.c,1531 :: 		
0x016B	0x0DFA      	RLF        R10, 1
;__Lib_Math.c,1532 :: 		
0x016C	0x0DFB      	RLF        R11, 1
;__Lib_Math.c,1533 :: 		
0x016D	0x0DA0      	RLF        ___math_tempb, 1
;__Lib_Math.c,1534 :: 		
0x016E	0x0874      	MOVF       R4, 0
;__Lib_Math.c,1535 :: 		
0x016F	0x1C72      	BTFSS      R2, 0
;__Lib_Math.c,1536 :: 		
0x0170	0x2983      	GOTO       UADD22L16
;__Lib_Math.c,1538 :: 		
0x0171	0x02F8      	SUBWF      R8, 1
;__Lib_Math.c,1539 :: 		
0x0172	0x0875      	MOVF       R5, 0
;__Lib_Math.c,1540 :: 		
0x0173	0x1C03      	BTFSS      STATUS, 0
;__Lib_Math.c,1541 :: 		
0x0174	0x0F75      	INCFSZ     R5, 0
;__Lib_Math.c,1542 :: 		
0x0175	0x02F9      	SUBWF      R9, 1
;__Lib_Math.c,1543 :: 		
0x0176	0x0876      	MOVF       R6, 0
;__Lib_Math.c,1544 :: 		
0x0177	0x1C03      	BTFSS      STATUS, 0
;__Lib_Math.c,1545 :: 		
0x0178	0x0F76      	INCFSZ     R6, 0
;__Lib_Math.c,1546 :: 		
0x0179	0x02FA      	SUBWF      R10, 1
;__Lib_Math.c,1547 :: 		
0x017A	0x0877      	MOVF       R7, 0
;__Lib_Math.c,1548 :: 		
0x017B	0x1C03      	BTFSS      STATUS, 0
;__Lib_Math.c,1549 :: 		
0x017C	0x0F77      	INCFSZ     R7, 0
;__Lib_Math.c,1550 :: 		
0x017D	0x02FB      	SUBWF      R11, 1
;__Lib_Math.c,1551 :: 		
0x017E	0x0100      	CLRW
;__Lib_Math.c,1552 :: 		
0x017F	0x1C03      	BTFSS      STATUS, 0
;__Lib_Math.c,1553 :: 		
0x0180	0x3001      	MOVLW      1
;__Lib_Math.c,1554 :: 		
0x0181	0x02A0      	SUBWF      ___math_tempb, 1
;__Lib_Math.c,1555 :: 		
0x0182	0x2994      	GOTO       UOK22L16
;__Lib_Math.c,1557 :: 		
UADD22L16:
;__Lib_Math.c,1558 :: 		
0x0183	0x07F8      	ADDWF      R8, 1
;__Lib_Math.c,1559 :: 		
0x0184	0x0875      	MOVF       R5, 0
;__Lib_Math.c,1560 :: 		
0x0185	0x1803      	BTFSC      STATUS, 0
;__Lib_Math.c,1561 :: 		
0x0186	0x0F75      	INCFSZ     R5, 0
;__Lib_Math.c,1562 :: 		
0x0187	0x07F9      	ADDWF      R9, 1
;__Lib_Math.c,1563 :: 		
0x0188	0x0876      	MOVF       R6, 0
;__Lib_Math.c,1564 :: 		
0x0189	0x1803      	BTFSC      STATUS, 0
;__Lib_Math.c,1565 :: 		
0x018A	0x0F76      	INCFSZ     R6, 0
;__Lib_Math.c,1566 :: 		
0x018B	0x07FA      	ADDWF      R10, 1
;__Lib_Math.c,1567 :: 		
0x018C	0x0877      	MOVF       R7, 0
;__Lib_Math.c,1568 :: 		
0x018D	0x1803      	BTFSC      STATUS, 0
;__Lib_Math.c,1569 :: 		
0x018E	0x0F77      	INCFSZ     R7, 0
;__Lib_Math.c,1570 :: 		
0x018F	0x07FB      	ADDWF      R11, 1
;__Lib_Math.c,1571 :: 		
0x0190	0x0100      	CLRW
;__Lib_Math.c,1572 :: 		
0x0191	0x1803      	BTFSC      STATUS, 0
;__Lib_Math.c,1573 :: 		
0x0192	0x3001      	MOVLW      1
;__Lib_Math.c,1574 :: 		
0x0193	0x07A0      	ADDWF      ___math_tempb, 1
;__Lib_Math.c,1576 :: 		
UOK22L16:
;__Lib_Math.c,1577 :: 		
0x0194	0x0DF1      	RLF        R1, 1
;__Lib_Math.c,1579 :: 		
0x0195	0x3007      	MOVLW      7
;__Lib_Math.c,1580 :: 		
0x0196	0x00FC      	MOVWF      R12
;__Lib_Math.c,1582 :: 		
LOOPU3232C:
;__Lib_Math.c,1583 :: 		
0x0197	0x0D71      	RLF        R1, 0
;__Lib_Math.c,1584 :: 		
0x0198	0x0DF8      	RLF        R8, 1
;__Lib_Math.c,1585 :: 		
0x0199	0x0DF9      	RLF        R9, 1
;__Lib_Math.c,1586 :: 		
0x019A	0x0DFA      	RLF        R10, 1
;__Lib_Math.c,1587 :: 		
0x019B	0x0DFB      	RLF        R11, 1
;__Lib_Math.c,1588 :: 		
0x019C	0x0DA0      	RLF        ___math_tempb, 1
;__Lib_Math.c,1589 :: 		
0x019D	0x0874      	MOVF       R4, 0
;__Lib_Math.c,1590 :: 		
0x019E	0x1C71      	BTFSS      R1, 0
;__Lib_Math.c,1591 :: 		
0x019F	0x29B2      	GOTO       UADD22LC
;__Lib_Math.c,1593 :: 		
0x01A0	0x02F8      	SUBWF      R8, 1
;__Lib_Math.c,1594 :: 		
0x01A1	0x0875      	MOVF       R5, 0
;__Lib_Math.c,1595 :: 		
0x01A2	0x1C03      	BTFSS      STATUS, 0
;__Lib_Math.c,1596 :: 		
0x01A3	0x0F75      	INCFSZ     R5, 0
;__Lib_Math.c,1597 :: 		
0x01A4	0x02F9      	SUBWF      R9, 1
;__Lib_Math.c,1598 :: 		
0x01A5	0x0876      	MOVF       R6, 0
;__Lib_Math.c,1599 :: 		
0x01A6	0x1C03      	BTFSS      STATUS, 0
;__Lib_Math.c,1600 :: 		
0x01A7	0x0F76      	INCFSZ     R6, 0
;__Lib_Math.c,1601 :: 		
0x01A8	0x02FA      	SUBWF      R10, 1
;__Lib_Math.c,1602 :: 		
0x01A9	0x0877      	MOVF       R7, 0
;__Lib_Math.c,1603 :: 		
0x01AA	0x1C03      	BTFSS      STATUS, 0
;__Lib_Math.c,1604 :: 		
0x01AB	0x0F77      	INCFSZ     R7, 0
;__Lib_Math.c,1605 :: 		
0x01AC	0x02FB      	SUBWF      R11, 1
;__Lib_Math.c,1606 :: 		
0x01AD	0x0100      	CLRW
;__Lib_Math.c,1607 :: 		
0x01AE	0x1C03      	BTFSS      STATUS, 0
;__Lib_Math.c,1608 :: 		
0x01AF	0x3001      	MOVLW      1
;__Lib_Math.c,1609 :: 		
0x01B0	0x02A0      	SUBWF      ___math_tempb, 1
;__Lib_Math.c,1610 :: 		
0x01B1	0x29C3      	GOTO       UOK22LC
;__Lib_Math.c,1612 :: 		
UADD22LC:
;__Lib_Math.c,1613 :: 		
0x01B2	0x07F8      	ADDWF      R8, 1
;__Lib_Math.c,1614 :: 		
0x01B3	0x0875      	MOVF       R5, 0
;__Lib_Math.c,1615 :: 		
0x01B4	0x1803      	BTFSC      STATUS, 0
;__Lib_Math.c,1616 :: 		
0x01B5	0x0F75      	INCFSZ     R5, 0
;__Lib_Math.c,1617 :: 		
0x01B6	0x07F9      	ADDWF      R9, 1
;__Lib_Math.c,1618 :: 		
0x01B7	0x0876      	MOVF       R6, 0
;__Lib_Math.c,1619 :: 		
0x01B8	0x1803      	BTFSC      STATUS, 0
;__Lib_Math.c,1620 :: 		
0x01B9	0x0F76      	INCFSZ     R6, 0
;__Lib_Math.c,1621 :: 		
0x01BA	0x07FA      	ADDWF      R10, 1
;__Lib_Math.c,1622 :: 		
0x01BB	0x0877      	MOVF       R7, 0
;__Lib_Math.c,1623 :: 		
0x01BC	0x1803      	BTFSC      STATUS, 0
;__Lib_Math.c,1624 :: 		
0x01BD	0x0F77      	INCFSZ     R7, 0
;__Lib_Math.c,1625 :: 		
0x01BE	0x07FB      	ADDWF      R11, 1
;__Lib_Math.c,1626 :: 		
0x01BF	0x0100      	CLRW
;__Lib_Math.c,1627 :: 		
0x01C0	0x1803      	BTFSC      STATUS, 0
;__Lib_Math.c,1628 :: 		
0x01C1	0x3001      	MOVLW      1
;__Lib_Math.c,1629 :: 		
0x01C2	0x07A0      	ADDWF      ___math_tempb, 1
;__Lib_Math.c,1631 :: 		
UOK22LC:
;__Lib_Math.c,1632 :: 		
0x01C3	0x0DF1      	RLF        R1, 1
;__Lib_Math.c,1634 :: 		
0x01C4	0x0BFC      	DECFSZ     R12, 1
;__Lib_Math.c,1635 :: 		
0x01C5	0x2997      	GOTO       LOOPU3232C
;__Lib_Math.c,1637 :: 		
0x01C6	0x0D70      	RLF        R0, 0
;__Lib_Math.c,1638 :: 		
0x01C7	0x0DF8      	RLF        R8, 1
;__Lib_Math.c,1639 :: 		
0x01C8	0x0DF9      	RLF        R9, 1
;__Lib_Math.c,1640 :: 		
0x01C9	0x0DFA      	RLF        R10, 1
;__Lib_Math.c,1641 :: 		
0x01CA	0x0DFB      	RLF        R11, 1
;__Lib_Math.c,1642 :: 		
0x01CB	0x0DA0      	RLF        ___math_tempb, 1
;__Lib_Math.c,1643 :: 		
0x01CC	0x0874      	MOVF       R4, 0
;__Lib_Math.c,1644 :: 		
0x01CD	0x1C71      	BTFSS      R1, 0
;__Lib_Math.c,1645 :: 		
0x01CE	0x29E1      	GOTO       UADD22L24
;__Lib_Math.c,1647 :: 		
0x01CF	0x02F8      	SUBWF      R8, 1
;__Lib_Math.c,1648 :: 		
0x01D0	0x0875      	MOVF       R5, 0
;__Lib_Math.c,1649 :: 		
0x01D1	0x1C03      	BTFSS      STATUS, 0
;__Lib_Math.c,1650 :: 		
0x01D2	0x0F75      	INCFSZ     R5, 0
;__Lib_Math.c,1651 :: 		
0x01D3	0x02F9      	SUBWF      R9, 1
;__Lib_Math.c,1652 :: 		
0x01D4	0x0876      	MOVF       R6, 0
;__Lib_Math.c,1653 :: 		
0x01D5	0x1C03      	BTFSS      STATUS, 0
;__Lib_Math.c,1654 :: 		
0x01D6	0x0F76      	INCFSZ     R6, 0
;__Lib_Math.c,1655 :: 		
0x01D7	0x02FA      	SUBWF      R10, 1
;__Lib_Math.c,1656 :: 		
0x01D8	0x0877      	MOVF       R7, 0
;__Lib_Math.c,1657 :: 		
0x01D9	0x1C03      	BTFSS      STATUS, 0
;__Lib_Math.c,1658 :: 		
0x01DA	0x0F77      	INCFSZ     R7, 0
;__Lib_Math.c,1659 :: 		
0x01DB	0x02FB      	SUBWF      R11, 1
;__Lib_Math.c,1660 :: 		
0x01DC	0x0100      	CLRW
;__Lib_Math.c,1661 :: 		
0x01DD	0x1C03      	BTFSS      STATUS, 0
;__Lib_Math.c,1662 :: 		
0x01DE	0x3001      	MOVLW      1
;__Lib_Math.c,1663 :: 		
0x01DF	0x02A0      	SUBWF      ___math_tempb, 1
;__Lib_Math.c,1664 :: 		
0x01E0	0x29F2      	GOTO       UOK22L24
;__Lib_Math.c,1666 :: 		
UADD22L24:
;__Lib_Math.c,1667 :: 		
0x01E1	0x07F8      	ADDWF      R8, 1
;__Lib_Math.c,1668 :: 		
0x01E2	0x0875      	MOVF       R5, 0
;__Lib_Math.c,1669 :: 		
0x01E3	0x1803      	BTFSC      STATUS, 0
;__Lib_Math.c,1670 :: 		
0x01E4	0x0F75      	INCFSZ     R5, 0
;__Lib_Math.c,1671 :: 		
0x01E5	0x07F9      	ADDWF      R9, 1
;__Lib_Math.c,1672 :: 		
0x01E6	0x0876      	MOVF       R6, 0
;__Lib_Math.c,1673 :: 		
0x01E7	0x1803      	BTFSC      STATUS, 0
;__Lib_Math.c,1674 :: 		
0x01E8	0x0F76      	INCFSZ     R6, 0
;__Lib_Math.c,1675 :: 		
0x01E9	0x07FA      	ADDWF      R10, 1
;__Lib_Math.c,1676 :: 		
0x01EA	0x0877      	MOVF       R7, 0
;__Lib_Math.c,1677 :: 		
0x01EB	0x1803      	BTFSC      STATUS, 0
;__Lib_Math.c,1678 :: 		
0x01EC	0x0F77      	INCFSZ     R7, 0
;__Lib_Math.c,1679 :: 		
0x01ED	0x07FB      	ADDWF      R11, 1
;__Lib_Math.c,1680 :: 		
0x01EE	0x0100      	CLRW
;__Lib_Math.c,1681 :: 		
0x01EF	0x1803      	BTFSC      STATUS, 0
;__Lib_Math.c,1682 :: 		
0x01F0	0x3001      	MOVLW      1
;__Lib_Math.c,1683 :: 		
0x01F1	0x07A0      	ADDWF      ___math_tempb, 1
;__Lib_Math.c,1685 :: 		
UOK22L24:
;__Lib_Math.c,1686 :: 		
0x01F2	0x0DF0      	RLF        R0, 1
;__Lib_Math.c,1688 :: 		
0x01F3	0x3007      	MOVLW      7
;__Lib_Math.c,1689 :: 		
0x01F4	0x00FC      	MOVWF      R12
;__Lib_Math.c,1691 :: 		
LOOPU3232D:
;__Lib_Math.c,1692 :: 		
0x01F5	0x0D70      	RLF        R0, 0
;__Lib_Math.c,1693 :: 		
0x01F6	0x0DF8      	RLF        R8, 1
;__Lib_Math.c,1694 :: 		
0x01F7	0x0DF9      	RLF        R9, 1
;__Lib_Math.c,1695 :: 		
0x01F8	0x0DFA      	RLF        R10, 1
;__Lib_Math.c,1696 :: 		
0x01F9	0x0DFB      	RLF        R11, 1
;__Lib_Math.c,1697 :: 		
0x01FA	0x0DA0      	RLF        ___math_tempb, 1
;__Lib_Math.c,1698 :: 		
0x01FB	0x0874      	MOVF       R4, 0
;__Lib_Math.c,1699 :: 		
0x01FC	0x1C70      	BTFSS      R0, 0
;__Lib_Math.c,1700 :: 		
0x01FD	0x2A10      	GOTO       UADD22LD
;__Lib_Math.c,1702 :: 		
0x01FE	0x02F8      	SUBWF      R8, 1
;__Lib_Math.c,1703 :: 		
0x01FF	0x0875      	MOVF       R5, 0
;__Lib_Math.c,1704 :: 		
0x0200	0x1C03      	BTFSS      STATUS, 0
;__Lib_Math.c,1705 :: 		
0x0201	0x0F75      	INCFSZ     R5, 0
;__Lib_Math.c,1706 :: 		
0x0202	0x02F9      	SUBWF      R9, 1
;__Lib_Math.c,1707 :: 		
0x0203	0x0876      	MOVF       R6, 0
;__Lib_Math.c,1708 :: 		
0x0204	0x1C03      	BTFSS      STATUS, 0
;__Lib_Math.c,1709 :: 		
0x0205	0x0F76      	INCFSZ     R6, 0
;__Lib_Math.c,1710 :: 		
0x0206	0x02FA      	SUBWF      R10, 1
;__Lib_Math.c,1711 :: 		
0x0207	0x0877      	MOVF       R7, 0
;__Lib_Math.c,1712 :: 		
0x0208	0x1C03      	BTFSS      STATUS, 0
;__Lib_Math.c,1713 :: 		
0x0209	0x0F77      	INCFSZ     R7, 0
;__Lib_Math.c,1714 :: 		
0x020A	0x02FB      	SUBWF      R11, 1
;__Lib_Math.c,1715 :: 		
0x020B	0x0100      	CLRW
;__Lib_Math.c,1716 :: 		
0x020C	0x1C03      	BTFSS      STATUS, 0
;__Lib_Math.c,1717 :: 		
0x020D	0x3001      	MOVLW      1
;__Lib_Math.c,1718 :: 		
0x020E	0x02A0      	SUBWF      ___math_tempb, 1
;__Lib_Math.c,1719 :: 		
0x020F	0x2A21      	GOTO       UOK22LD
;__Lib_Math.c,1721 :: 		
UADD22LD:
;__Lib_Math.c,1722 :: 		
0x0210	0x07F8      	ADDWF      R8, 1
;__Lib_Math.c,1723 :: 		
0x0211	0x0875      	MOVF       R5, 0
;__Lib_Math.c,1724 :: 		
0x0212	0x1803      	BTFSC      STATUS, 0
;__Lib_Math.c,1725 :: 		
0x0213	0x0F75      	INCFSZ     R5, 0
;__Lib_Math.c,1726 :: 		
0x0214	0x07F9      	ADDWF      R9, 1
;__Lib_Math.c,1727 :: 		
0x0215	0x0876      	MOVF       R6, 0
;__Lib_Math.c,1728 :: 		
0x0216	0x1803      	BTFSC      STATUS, 0
;__Lib_Math.c,1729 :: 		
0x0217	0x0F76      	INCFSZ     R6, 0
;__Lib_Math.c,1730 :: 		
0x0218	0x07FA      	ADDWF      R10, 1
;__Lib_Math.c,1731 :: 		
0x0219	0x0877      	MOVF       R7, 0
;__Lib_Math.c,1732 :: 		
0x021A	0x1803      	BTFSC      STATUS, 0
;__Lib_Math.c,1733 :: 		
0x021B	0x0F77      	INCFSZ     R7, 0
;__Lib_Math.c,1734 :: 		
0x021C	0x07FB      	ADDWF      R11, 1
;__Lib_Math.c,1735 :: 		
0x021D	0x0100      	CLRW
;__Lib_Math.c,1736 :: 		
0x021E	0x1803      	BTFSC      STATUS, 0
;__Lib_Math.c,1737 :: 		
0x021F	0x3001      	MOVLW      1
;__Lib_Math.c,1738 :: 		
0x0220	0x07A0      	ADDWF      ___math_tempb, 1
;__Lib_Math.c,1740 :: 		
UOK22LD:
;__Lib_Math.c,1741 :: 		
0x0221	0x0DF0      	RLF        R0, 1
;__Lib_Math.c,1743 :: 		
0x0222	0x0BFC      	DECFSZ     R12, 1
;__Lib_Math.c,1744 :: 		
0x0223	0x29F5      	GOTO       LOOPU3232D
;__Lib_Math.c,1746 :: 		
0x0224	0x1870      	BTFSC      R0, 0
;__Lib_Math.c,1747 :: 		
0x0225	0x2A34      	GOTO       UOK22L
;__Lib_Math.c,1748 :: 		
0x0226	0x0874      	MOVF       R4, 0
;__Lib_Math.c,1749 :: 		
0x0227	0x07F8      	ADDWF      R8, 1
;__Lib_Math.c,1750 :: 		
0x0228	0x0875      	MOVF       R5, 0
;__Lib_Math.c,1751 :: 		
0x0229	0x1803      	BTFSC      STATUS, 0
;__Lib_Math.c,1752 :: 		
0x022A	0x0F75      	INCFSZ     R5, 0
;__Lib_Math.c,1753 :: 		
0x022B	0x07F9      	ADDWF      R9, 1
;__Lib_Math.c,1754 :: 		
0x022C	0x0876      	MOVF       R6, 0
;__Lib_Math.c,1755 :: 		
0x022D	0x1803      	BTFSC      STATUS, 0
;__Lib_Math.c,1756 :: 		
0x022E	0x0F76      	INCFSZ     R6, 0
;__Lib_Math.c,1757 :: 		
0x022F	0x07FA      	ADDWF      R10, 1
;__Lib_Math.c,1758 :: 		
0x0230	0x0877      	MOVF       R7, 0
;__Lib_Math.c,1759 :: 		
0x0231	0x1803      	BTFSC      STATUS, 0
;__Lib_Math.c,1760 :: 		
0x0232	0x0F77      	INCFSZ     R7, 0
;__Lib_Math.c,1761 :: 		
0x0233	0x07FB      	ADDWF      R11, 1
;__Lib_Math.c,1763 :: 		
UOK22L:
;__Lib_Math.c,1766 :: 		
L_end_Div_32x32_U:
0x0234	0x0008      	RETURN
; end of _Div_32x32_U
_____DoICP:
;__Lib_System.c,6 :: 		
;__Lib_System.c,9 :: 		
0x0235	0x1283      	BCF        STATUS, 5
0x0236	0x1303      	BCF        STATUS, 6
0x0237	0x082C      	MOVF       ___DoICPAddr+1, 0
0x0238	0x008A      	MOVWF      PCLATH
;__Lib_System.c,10 :: 		
0x0239	0x082B      	MOVF       ___DoICPAddr, 0
0x023A	0x0082      	MOVWF      PCL
;__Lib_System.c,12 :: 		
L_end_____DoICP:
0x023B	0x0008      	RETURN
; end of _____DoICP
_motor_right:
;embedded_firefighter.c,228 :: 		void motor_right() {
;embedded_firefighter.c,229 :: 		PORTB = 0b00000101;    // Set PORTB bits for right turn motors
0x023C	0x3005      	MOVLW      5
0x023D	0x1283      	BCF        STATUS, 5
0x023E	0x1303      	BCF        STATUS, 6
0x023F	0x0086      	MOVWF      PORTB
;embedded_firefighter.c,230 :: 		}
L_end_motor_right:
0x0240	0x0008      	RETURN
; end of _motor_right
_motor_left:
;embedded_firefighter.c,236 :: 		void motor_left() {
;embedded_firefighter.c,237 :: 		PORTB = 0b00001010;    // Set PORTB bits for left turn motors
0x0241	0x300A      	MOVLW      10
0x0242	0x1283      	BCF        STATUS, 5
0x0243	0x1303      	BCF        STATUS, 6
0x0244	0x0086      	MOVWF      PORTB
;embedded_firefighter.c,238 :: 		}
L_end_motor_left:
0x0245	0x0008      	RETURN
; end of _motor_left
_motor_forward:
;embedded_firefighter.c,232 :: 		void motor_forward() {
;embedded_firefighter.c,233 :: 		PORTB = 0b000000110;   // Set PORTB bits for forward motion motors
0x0246	0x3006      	MOVLW      6
0x0247	0x1283      	BCF        STATUS, 5
0x0248	0x1303      	BCF        STATUS, 6
0x0249	0x0086      	MOVWF      PORTB
;embedded_firefighter.c,234 :: 		}
L_end_motor_forward:
0x024A	0x0008      	RETURN
; end of _motor_forward
_motor_stop:
;embedded_firefighter.c,240 :: 		void motor_stop() {
;embedded_firefighter.c,241 :: 		PORTB = 0b00000000;    // Clear PORTB bits to stop motors
0x024B	0x1283      	BCF        STATUS, 5
0x024C	0x1303      	BCF        STATUS, 6
0x024D	0x0186      	CLRF       PORTB
;embedded_firefighter.c,242 :: 		}
L_end_motor_stop:
0x024E	0x0008      	RETURN
; end of _motor_stop
_init_sonar:
;embedded_firefighter.c,176 :: 		void init_sonar(void) {
;embedded_firefighter.c,177 :: 		T1overflow = 0;
0x024F	0x1283      	BCF        STATUS, 5
0x0250	0x1303      	BCF        STATUS, 6
0x0251	0x01AD      	CLRF       _T1overflow
0x0252	0x01AE      	CLRF       _T1overflow+1
;embedded_firefighter.c,178 :: 		T1counts = 0;
0x0253	0x01AF      	CLRF       _T1counts
0x0254	0x01B0      	CLRF       _T1counts+1
0x0255	0x01B1      	CLRF       _T1counts+2
0x0256	0x01B2      	CLRF       _T1counts+3
;embedded_firefighter.c,179 :: 		T1time = 0;
0x0257	0x01B3      	CLRF       _T1time
0x0258	0x01B4      	CLRF       _T1time+1
0x0259	0x01B5      	CLRF       _T1time+2
0x025A	0x01B6      	CLRF       _T1time+3
;embedded_firefighter.c,180 :: 		Distance = 0;
0x025B	0x01BD      	CLRF       _Distance
0x025C	0x01BE      	CLRF       _Distance+1
0x025D	0x01BF      	CLRF       _Distance+2
0x025E	0x01C0      	CLRF       _Distance+3
;embedded_firefighter.c,181 :: 		TMR1H = 0;
0x025F	0x018F      	CLRF       TMR1H
;embedded_firefighter.c,182 :: 		TMR1L = 0;
0x0260	0x018E      	CLRF       TMR1L
;embedded_firefighter.c,183 :: 		TRISE = 0x02;            // Set RE1 as input (echo), RE2 as output (trigger)
0x0261	0x3002      	MOVLW      2
0x0262	0x1683      	BSF        STATUS, 5
0x0263	0x0089      	MOVWF      TRISE
;embedded_firefighter.c,184 :: 		PORTE = 0x00;            // Clear PORTE outputs
0x0264	0x1283      	BCF        STATUS, 5
0x0265	0x0189      	CLRF       PORTE
;embedded_firefighter.c,185 :: 		INTCON = INTCON | 0xC0;  // Enable global and peripheral interrupts
0x0266	0x30C0      	MOVLW      192
0x0267	0x048B      	IORWF      INTCON, 1
;embedded_firefighter.c,186 :: 		PIE1 = PIE1 | 0x01;      // Enable Timer1 overflow interrupt
0x0268	0x1683      	BSF        STATUS, 5
0x0269	0x140C      	BSF        PIE1, 0
;embedded_firefighter.c,187 :: 		T1CON = 0x18;            // Timer1 off, prescaler 1:1
0x026A	0x3018      	MOVLW      24
0x026B	0x1283      	BCF        STATUS, 5
0x026C	0x0090      	MOVWF      T1CON
;embedded_firefighter.c,188 :: 		}
L_end_init_sonar:
0x026D	0x0008      	RETURN
; end of _init_sonar
_init:
;embedded_firefighter.c,92 :: 		void init() {
;embedded_firefighter.c,93 :: 		TRISB = 0x00;                 // Set PORTB as output (motor control)
0x026E	0x1683      	BSF        STATUS, 5
0x026F	0x1303      	BCF        STATUS, 6
0x0270	0x0186      	CLRF       TRISB
;embedded_firefighter.c,94 :: 		TRISD = 0b11101111;           // Set PORTD bit 4 as output, others inputs (flame sensors active low)
0x0271	0x30EF      	MOVLW      239
0x0272	0x0088      	MOVWF      TRISD
;embedded_firefighter.c,95 :: 		TRISC = 0x00;                 // Set PORTC as output (for PWM)
0x0273	0x0187      	CLRF       TRISC
;embedded_firefighter.c,96 :: 		PORTB = 0x00;                 // Stop motors initially
0x0274	0x1283      	BCF        STATUS, 5
0x0275	0x0186      	CLRF       PORTB
;embedded_firefighter.c,97 :: 		PORTD = 0xFF;                 // Set all flame sensor bits HIGH (no flame detected)
0x0276	0x30FF      	MOVLW      255
0x0277	0x0088      	MOVWF      PORTD
;embedded_firefighter.c,98 :: 		}
L_end_init:
0x0278	0x0008      	RETURN
; end of _init
_Div_16X16_U:
;__Lib_Math.c,215 :: 		
;__Lib_Math.c,222 :: 		
0x0279	0x1283      	BCF        STATUS, 5
;__Lib_Math.c,223 :: 		
0x027A	0x1303      	BCF        STATUS, 6
;__Lib_Math.c,224 :: 		
0x027B	0x01F8      	CLRF       R8
;__Lib_Math.c,225 :: 		
0x027C	0x01F9      	CLRF       R9
;__Lib_Math.c,226 :: 		
0x027D	0x3010      	MOVLW      16
;__Lib_Math.c,227 :: 		
0x027E	0x00FC      	MOVWF      R12
;__Lib_Math.c,228 :: 		
0x027F	0x0D71      	RLF        R1, 0
;__Lib_Math.c,229 :: 		
0x0280	0x0DF8      	RLF        R8, 1
;__Lib_Math.c,230 :: 		
0x0281	0x0DF9      	RLF        R9, 1
;__Lib_Math.c,231 :: 		
0x0282	0x0874      	MOVF       R4, 0
;__Lib_Math.c,232 :: 		
0x0283	0x02F8      	SUBWF      R8, 1
;__Lib_Math.c,233 :: 		
0x0284	0x0875      	MOVF       R5, 0
;__Lib_Math.c,234 :: 		
0x0285	0x1C03      	BTFSS      STATUS, 0
;__Lib_Math.c,235 :: 		
0x0286	0x0F75      	INCFSZ     R5, 0
;__Lib_Math.c,236 :: 		
0x0287	0x02F9      	SUBWF      R9, 1
;__Lib_Math.c,237 :: 		
0x0288	0x1803      	BTFSC      STATUS, 0
;__Lib_Math.c,238 :: 		
0x0289	0x2A91      	GOTO       $+8
;__Lib_Math.c,239 :: 		
0x028A	0x0874      	MOVF       R4, 0
;__Lib_Math.c,240 :: 		
0x028B	0x07F8      	ADDWF      R8, 1
;__Lib_Math.c,241 :: 		
0x028C	0x0875      	MOVF       R5, 0
;__Lib_Math.c,242 :: 		
0x028D	0x1803      	BTFSC      STATUS, 0
;__Lib_Math.c,243 :: 		
0x028E	0x0F75      	INCFSZ     R5, 0
;__Lib_Math.c,244 :: 		
0x028F	0x07F9      	ADDWF      R9, 1
;__Lib_Math.c,245 :: 		
0x0290	0x1003      	BCF        STATUS, 0
;__Lib_Math.c,246 :: 		
0x0291	0x0DF0      	RLF        R0, 1
;__Lib_Math.c,247 :: 		
0x0292	0x0DF1      	RLF        R1, 1
;__Lib_Math.c,248 :: 		
0x0293	0x0BFC      	DECFSZ     R12, 1
;__Lib_Math.c,249 :: 		
0x0294	0x2A7F      	GOTO       $-21
;__Lib_Math.c,251 :: 		
L_end_Div_16X16_U:
0x0295	0x0008      	RETURN
; end of _Div_16X16_U
_right_sensor:
;embedded_firefighter.c,211 :: 		void right_sensor() {
;embedded_firefighter.c,212 :: 		motor_right();        // Turn motors right
0x0296	0x223C      	CALL       _motor_right
;embedded_firefighter.c,213 :: 		Delay_ms(100);        // Wait 100 ms to stabilize movement
0x0297	0x3002      	MOVLW      2
0x0298	0x00FB      	MOVWF      R11
0x0299	0x3004      	MOVLW      4
0x029A	0x00FC      	MOVWF      R12
0x029B	0x30BA      	MOVLW      186
0x029C	0x00FD      	MOVWF      R13
L_right_sensor33:
0x029D	0x0BFD      	DECFSZ     R13, 1
0x029E	0x2A9D      	GOTO       L_right_sensor33
0x029F	0x0BFC      	DECFSZ     R12, 1
0x02A0	0x2A9D      	GOTO       L_right_sensor33
0x02A1	0x0BFB      	DECFSZ     R11, 1
0x02A2	0x2A9D      	GOTO       L_right_sensor33
0x02A3	0x0000      	NOP
;embedded_firefighter.c,214 :: 		}
L_end_right_sensor:
0x02A4	0x0008      	RETURN
; end of _right_sensor
_middle_sensor:
;embedded_firefighter.c,216 :: 		void middle_sensor() {
;embedded_firefighter.c,217 :: 		motor_forward();      // Move motors forward
0x02A5	0x2246      	CALL       _motor_forward
;embedded_firefighter.c,218 :: 		Delay_ms(100);        // Wait 100 ms
0x02A6	0x3002      	MOVLW      2
0x02A7	0x00FB      	MOVWF      R11
0x02A8	0x3004      	MOVLW      4
0x02A9	0x00FC      	MOVWF      R12
0x02AA	0x30BA      	MOVLW      186
0x02AB	0x00FD      	MOVWF      R13
L_middle_sensor34:
0x02AC	0x0BFD      	DECFSZ     R13, 1
0x02AD	0x2AAC      	GOTO       L_middle_sensor34
0x02AE	0x0BFC      	DECFSZ     R12, 1
0x02AF	0x2AAC      	GOTO       L_middle_sensor34
0x02B0	0x0BFB      	DECFSZ     R11, 1
0x02B1	0x2AAC      	GOTO       L_middle_sensor34
0x02B2	0x0000      	NOP
;embedded_firefighter.c,219 :: 		}
L_end_middle_sensor:
0x02B3	0x0008      	RETURN
; end of _middle_sensor
_left_sensor:
;embedded_firefighter.c,221 :: 		void left_sensor() {
;embedded_firefighter.c,222 :: 		motor_left();         // Turn motors left
0x02B4	0x2241      	CALL       _motor_left
;embedded_firefighter.c,223 :: 		Delay_ms(100);        // Wait 100 ms
0x02B5	0x3002      	MOVLW      2
0x02B6	0x00FB      	MOVWF      R11
0x02B7	0x3004      	MOVLW      4
0x02B8	0x00FC      	MOVWF      R12
0x02B9	0x30BA      	MOVLW      186
0x02BA	0x00FD      	MOVWF      R13
L_left_sensor35:
0x02BB	0x0BFD      	DECFSZ     R13, 1
0x02BC	0x2ABB      	GOTO       L_left_sensor35
0x02BD	0x0BFC      	DECFSZ     R12, 1
0x02BE	0x2ABB      	GOTO       L_left_sensor35
0x02BF	0x0BFB      	DECFSZ     R11, 1
0x02C0	0x2ABB      	GOTO       L_left_sensor35
0x02C1	0x0000      	NOP
;embedded_firefighter.c,224 :: 		}
L_end_left_sensor:
0x02C2	0x0008      	RETURN
; end of _left_sensor
_ATD_read:
;embedded_firefighter.c,252 :: 		unsigned int ATD_read(void) {
;embedded_firefighter.c,253 :: 		ADCON0 = ADCON0 | 0x04;   // Start ADC conversion (GO bit)
0x02C3	0x1283      	BCF        STATUS, 5
0x02C4	0x1303      	BCF        STATUS, 6
0x02C5	0x151F      	BSF        ADCON0, 2
;embedded_firefighter.c,254 :: 		while (ADCON0 & 0x04);    // Wait until conversion is done
L_ATD_read36:
0x02C6	0x1D1F      	BTFSS      ADCON0, 2
0x02C7	0x2AC9      	GOTO       L_ATD_read37
0x02C8	0x2AC6      	GOTO       L_ATD_read36
L_ATD_read37:
;embedded_firefighter.c,255 :: 		return ((ADRESH << 8) | ADRESL);  // Return 10-bit ADC result
0x02C9	0x081E      	MOVF       ADRESH, 0
0x02CA	0x00F1      	MOVWF      R0+1
0x02CB	0x01F0      	CLRF       R0
0x02CC	0x1683      	BSF        STATUS, 5
0x02CD	0x081E      	MOVF       ADRESL, 0
0x02CE	0x04F0      	IORWF      R0, 1
0x02CF	0x3000      	MOVLW      0
0x02D0	0x04F1      	IORWF      R0+1, 1
;embedded_firefighter.c,256 :: 		}
L_end_ATD_read:
0x02D1	0x0008      	RETURN
; end of _ATD_read
_Mul_16X16_U:
;__Lib_Math.c,136 :: 		
;__Lib_Math.c,143 :: 		
0x02D2	0x1283      	BCF        STATUS, 5
;__Lib_Math.c,144 :: 		
0x02D3	0x1303      	BCF        STATUS, 6
;__Lib_Math.c,145 :: 		
0x02D4	0x01FB      	CLRF       R11
;__Lib_Math.c,146 :: 		
0x02D5	0x01FA      	CLRF       R10
;__Lib_Math.c,147 :: 		
0x02D6	0x01F9      	CLRF       R9
;__Lib_Math.c,148 :: 		
0x02D7	0x3080      	MOVLW      128
;__Lib_Math.c,149 :: 		
0x02D8	0x00F8      	MOVWF      R8
;__Lib_Math.c,150 :: 		
0x02D9	0x0CF1      	RRF        R1, 1
;__Lib_Math.c,151 :: 		
0x02DA	0x0CF0      	RRF        R0, 1
;__Lib_Math.c,152 :: 		
0x02DB	0x1C03      	BTFSS      STATUS, 0
;__Lib_Math.c,153 :: 		
0x02DC	0x2AE6      	GOTO       $+10
;__Lib_Math.c,154 :: 		
0x02DD	0x0874      	MOVF       R4, 0
;__Lib_Math.c,155 :: 		
0x02DE	0x07F9      	ADDWF      R9, 1
;__Lib_Math.c,156 :: 		
0x02DF	0x0875      	MOVF       R5, 0
;__Lib_Math.c,157 :: 		
0x02E0	0x1803      	BTFSC      STATUS, 0
;__Lib_Math.c,158 :: 		
0x02E1	0x0F75      	INCFSZ     R5, 0
;__Lib_Math.c,159 :: 		
0x02E2	0x07FA      	ADDWF      R10, 1
;__Lib_Math.c,160 :: 		
0x02E3	0x1803      	BTFSC      STATUS, 0
;__Lib_Math.c,161 :: 		
0x02E4	0x0AFB      	INCF       R11, 1
;__Lib_Math.c,162 :: 		
0x02E5	0x1003      	BCF        STATUS, 0
;__Lib_Math.c,163 :: 		
0x02E6	0x1FF0      	BTFSS      R0, 7
;__Lib_Math.c,164 :: 		
0x02E7	0x2AEE      	GOTO       $+7
;__Lib_Math.c,165 :: 		
0x02E8	0x0874      	MOVF       R4, 0
;__Lib_Math.c,166 :: 		
0x02E9	0x07FA      	ADDWF      R10, 1
;__Lib_Math.c,167 :: 		
0x02EA	0x0875      	MOVF       R5, 0
;__Lib_Math.c,168 :: 		
0x02EB	0x1803      	BTFSC      STATUS, 0
;__Lib_Math.c,169 :: 		
0x02EC	0x0F75      	INCFSZ     R5, 0
;__Lib_Math.c,170 :: 		
0x02ED	0x07FB      	ADDWF      R11, 1
;__Lib_Math.c,171 :: 		
0x02EE	0x0CFB      	RRF        R11, 1
;__Lib_Math.c,172 :: 		
0x02EF	0x0CFA      	RRF        R10, 1
;__Lib_Math.c,173 :: 		
0x02F0	0x0CF9      	RRF        R9, 1
;__Lib_Math.c,174 :: 		
0x02F1	0x0CF8      	RRF        R8, 1
;__Lib_Math.c,175 :: 		
0x02F2	0x1C03      	BTFSS      STATUS, 0
;__Lib_Math.c,176 :: 		
0x02F3	0x2AD9      	GOTO       $-26
;__Lib_Math.c,177 :: 		
0x02F4	0x087B      	MOVF       R11, 0
;__Lib_Math.c,178 :: 		
0x02F5	0x00F3      	MOVWF      R3
;__Lib_Math.c,179 :: 		
0x02F6	0x087A      	MOVF       R10, 0
;__Lib_Math.c,180 :: 		
0x02F7	0x00F2      	MOVWF      R2
;__Lib_Math.c,181 :: 		
0x02F8	0x0879      	MOVF       R9, 0
;__Lib_Math.c,182 :: 		
0x02F9	0x00F1      	MOVWF      R1
;__Lib_Math.c,183 :: 		
0x02FA	0x0878      	MOVF       R8, 0
;__Lib_Math.c,184 :: 		
0x02FB	0x00F0      	MOVWF      R0
;__Lib_Math.c,187 :: 		
L_end_Mul_16X16_U:
0x02FC	0x0008      	RETURN
; end of _Mul_16X16_U
_set_servo_position1:
;embedded_firefighter.c,51 :: 		void set_servo_position1(int degrees) {
;embedded_firefighter.c,52 :: 		int pulse_width = (degrees + 90) * 8 + 500;   // Calculate pulse width in timer counts
0x02FD	0x305A      	MOVLW      90
0x02FE	0x1283      	BCF        STATUS, 5
0x02FF	0x1303      	BCF        STATUS, 6
0x0300	0x0745      	ADDWF      FARG_set_servo_position1_degrees, 0
0x0301	0x00F3      	MOVWF      R3
0x0302	0x0846      	MOVF       FARG_set_servo_position1_degrees+1, 0
0x0303	0x1803      	BTFSC      STATUS, 0
0x0304	0x3E01      	ADDLW      1
0x0305	0x00F4      	MOVWF      R3+1
0x0306	0x3003      	MOVLW      3
0x0307	0x00F2      	MOVWF      R2
0x0308	0x0873      	MOVF       R3, 0
0x0309	0x00F0      	MOVWF      R0
0x030A	0x0874      	MOVF       R3+1, 0
0x030B	0x00F1      	MOVWF      R0+1
0x030C	0x0872      	MOVF       R2, 0
L__set_servo_position140:
0x030D	0x1903      	BTFSC      STATUS, 2
0x030E	0x2B14      	GOTO       L__set_servo_position141
0x030F	0x0DF0      	RLF        R0, 1
0x0310	0x0DF1      	RLF        R0+1, 1
0x0311	0x1070      	BCF        R0, 0
0x0312	0x3EFF      	ADDLW      255
0x0313	0x2B0D      	GOTO       L__set_servo_position140
L__set_servo_position141:
0x0314	0x30F4      	MOVLW      244
0x0315	0x0770      	ADDWF      R0, 0
0x0316	0x00F3      	MOVWF      R3
0x0317	0x0871      	MOVF       R0+1, 0
0x0318	0x1803      	BTFSC      STATUS, 0
0x0319	0x3E01      	ADDLW      1
0x031A	0x3E01      	ADDLW      1
0x031B	0x00F4      	MOVWF      R3+1
;embedded_firefighter.c,53 :: 		CCPR1L = pulse_width >> 2;                     // Set high 8 bits of pulse width
0x031C	0x0873      	MOVF       R3, 0
0x031D	0x00F0      	MOVWF      R0
0x031E	0x0874      	MOVF       R3+1, 0
0x031F	0x00F1      	MOVWF      R0+1
0x0320	0x0CF1      	RRF        R0+1, 1
0x0321	0x0CF0      	RRF        R0, 1
0x0322	0x13F1      	BCF        R0+1, 7
0x0323	0x1B71      	BTFSC      R0+1, 6
0x0324	0x17F1      	BSF        R0+1, 7
0x0325	0x0CF1      	RRF        R0+1, 1
0x0326	0x0CF0      	RRF        R0, 1
0x0327	0x13F1      	BCF        R0+1, 7
0x0328	0x1B71      	BTFSC      R0+1, 6
0x0329	0x17F1      	BSF        R0+1, 7
0x032A	0x0870      	MOVF       R0, 0
0x032B	0x0095      	MOVWF      CCPR1L
;embedded_firefighter.c,54 :: 		CCP1CON = (CCP1CON & 0xCF) | ((pulse_width & 0x03) << 4); // Set low 2 bits in CCP1CON
0x032C	0x30CF      	MOVLW      207
0x032D	0x0517      	ANDWF      CCP1CON, 0
0x032E	0x00F5      	MOVWF      R5
0x032F	0x3003      	MOVLW      3
0x0330	0x0573      	ANDWF      R3, 0
0x0331	0x00F2      	MOVWF      R2
0x0332	0x0872      	MOVF       R2, 0
0x0333	0x00F0      	MOVWF      R0
0x0334	0x0DF0      	RLF        R0, 1
0x0335	0x1070      	BCF        R0, 0
0x0336	0x0DF0      	RLF        R0, 1
0x0337	0x1070      	BCF        R0, 0
0x0338	0x0DF0      	RLF        R0, 1
0x0339	0x1070      	BCF        R0, 0
0x033A	0x0DF0      	RLF        R0, 1
0x033B	0x1070      	BCF        R0, 0
0x033C	0x0870      	MOVF       R0, 0
0x033D	0x0475      	IORWF      R5, 0
0x033E	0x0097      	MOVWF      CCP1CON
;embedded_firefighter.c,55 :: 		Delay_ms(200);                                 // Wait 200ms for servo to reach position
0x033F	0x3003      	MOVLW      3
0x0340	0x00FB      	MOVWF      R11
0x0341	0x3008      	MOVLW      8
0x0342	0x00FC      	MOVWF      R12
0x0343	0x3077      	MOVLW      119
0x0344	0x00FD      	MOVWF      R13
L_set_servo_position10:
0x0345	0x0BFD      	DECFSZ     R13, 1
0x0346	0x2B45      	GOTO       L_set_servo_position10
0x0347	0x0BFC      	DECFSZ     R12, 1
0x0348	0x2B45      	GOTO       L_set_servo_position10
0x0349	0x0BFB      	DECFSZ     R11, 1
0x034A	0x2B45      	GOTO       L_set_servo_position10
;embedded_firefighter.c,56 :: 		}
L_end_set_servo_position1:
0x034B	0x0008      	RETURN
; end of _set_servo_position1
_read_sonar:
;embedded_firefighter.c,150 :: 		void read_sonar(void) {
;embedded_firefighter.c,151 :: 		T1overflow = 0;          // Reset overflow count
0x034C	0x1283      	BCF        STATUS, 5
0x034D	0x1303      	BCF        STATUS, 6
0x034E	0x01AD      	CLRF       _T1overflow
0x034F	0x01AE      	CLRF       _T1overflow+1
;embedded_firefighter.c,152 :: 		TMR1H = 0;               // Clear Timer1 high byte
0x0350	0x018F      	CLRF       TMR1H
;embedded_firefighter.c,153 :: 		TMR1L = 0;               // Clear Timer1 low byte
0x0351	0x018E      	CLRF       TMR1L
;embedded_firefighter.c,155 :: 		PORTE = 0x04;            // Set RE2 high to trigger ultrasonic sensor
0x0352	0x3004      	MOVLW      4
0x0353	0x0089      	MOVWF      PORTE
;embedded_firefighter.c,156 :: 		usDelay(10);             // Wait 10 microseconds
0x0354	0x300A      	MOVLW      10
0x0355	0x00C7      	MOVWF      FARG_usDelay_usCnt
0x0356	0x3000      	MOVLW      0
0x0357	0x00C8      	MOVWF      FARG_usDelay_usCnt+1
0x0358	0x2071      	CALL       _usDelay
;embedded_firefighter.c,157 :: 		PORTE = 0x00;            // Clear RE2 trigger
0x0359	0x0189      	CLRF       PORTE
;embedded_firefighter.c,159 :: 		while (!(PORTE & 0x02)); // Wait for echo pin RE1 to go high (start timing)
L_read_sonar19:
0x035A	0x1889      	BTFSC      PORTE, 1
0x035B	0x2B5D      	GOTO       L_read_sonar20
0x035C	0x2B5A      	GOTO       L_read_sonar19
L_read_sonar20:
;embedded_firefighter.c,161 :: 		T1CON = 0x19;            // Start Timer1 with prescaler 1:2 (increment every 1us)
0x035D	0x3019      	MOVLW      25
0x035E	0x0090      	MOVWF      T1CON
;embedded_firefighter.c,162 :: 		while (PORTE & 0x02);    // Wait for echo pin to go low (end timing)
L_read_sonar21:
0x035F	0x1C89      	BTFSS      PORTE, 1
0x0360	0x2B62      	GOTO       L_read_sonar22
0x0361	0x2B5F      	GOTO       L_read_sonar21
L_read_sonar22:
;embedded_firefighter.c,163 :: 		T1CON = 0x18;            // Stop Timer1
0x0362	0x3018      	MOVLW      24
0x0363	0x0090      	MOVWF      T1CON
;embedded_firefighter.c,165 :: 		T1counts = ((TMR1H << 8) | TMR1L) + (T1overflow * 65536); // Calculate total counts
0x0364	0x080F      	MOVF       TMR1H, 0
0x0365	0x00F1      	MOVWF      R0+1
0x0366	0x01F0      	CLRF       R0
0x0367	0x080E      	MOVF       TMR1L, 0
0x0368	0x0470      	IORWF      R0, 0
0x0369	0x00F8      	MOVWF      R8
0x036A	0x0871      	MOVF       R0+1, 0
0x036B	0x00F9      	MOVWF      R8+1
0x036C	0x3000      	MOVLW      0
0x036D	0x04F9      	IORWF      R8+1, 1
0x036E	0x082E      	MOVF       _T1overflow+1, 0
0x036F	0x00F7      	MOVWF      R4+3
0x0370	0x082D      	MOVF       _T1overflow, 0
0x0371	0x00F6      	MOVWF      R4+2
0x0372	0x01F4      	CLRF       R4
0x0373	0x01F5      	CLRF       R4+1
0x0374	0x0878      	MOVF       R8, 0
0x0375	0x00F0      	MOVWF      R0
0x0376	0x0879      	MOVF       R8+1, 0
0x0377	0x00F1      	MOVWF      R0+1
0x0378	0x01F2      	CLRF       R0+2
0x0379	0x01F3      	CLRF       R0+3
0x037A	0x0874      	MOVF       R4, 0
0x037B	0x07F0      	ADDWF      R0, 1
0x037C	0x0875      	MOVF       R4+1, 0
0x037D	0x1803      	BTFSC      STATUS, 0
0x037E	0x0F75      	INCFSZ     R4+1, 0
0x037F	0x07F1      	ADDWF      R0+1, 1
0x0380	0x0876      	MOVF       R4+2, 0
0x0381	0x1803      	BTFSC      STATUS, 0
0x0382	0x0F76      	INCFSZ     R4+2, 0
0x0383	0x07F2      	ADDWF      R0+2, 1
0x0384	0x0877      	MOVF       R4+3, 0
0x0385	0x1803      	BTFSC      STATUS, 0
0x0386	0x0F77      	INCFSZ     R4+3, 0
0x0387	0x07F3      	ADDWF      R0+3, 1
0x0388	0x0870      	MOVF       R0, 0
0x0389	0x00AF      	MOVWF      _T1counts
0x038A	0x0871      	MOVF       R0+1, 0
0x038B	0x00B0      	MOVWF      _T1counts+1
0x038C	0x0872      	MOVF       R0+2, 0
0x038D	0x00B1      	MOVWF      _T1counts+2
0x038E	0x0873      	MOVF       R0+3, 0
0x038F	0x00B2      	MOVWF      _T1counts+3
;embedded_firefighter.c,167 :: 		T1time = T1counts;       // Time in microseconds
0x0390	0x0870      	MOVF       R0, 0
0x0391	0x00B3      	MOVWF      _T1time
0x0392	0x0871      	MOVF       R0+1, 0
0x0393	0x00B4      	MOVWF      _T1time+1
0x0394	0x0872      	MOVF       R0+2, 0
0x0395	0x00B5      	MOVWF      _T1time+2
0x0396	0x0873      	MOVF       R0+3, 0
0x0397	0x00B6      	MOVWF      _T1time+3
;embedded_firefighter.c,168 :: 		Distance = ((T1time * 34) / 1000) / 2;  // Calculate distance in cm
0x0398	0x3022      	MOVLW      34
0x0399	0x00F4      	MOVWF      R4
0x039A	0x01F5      	CLRF       R4+1
0x039B	0x01F6      	CLRF       R4+2
0x039C	0x01F7      	CLRF       R4+3
0x039D	0x2086      	CALL       _Mul_32x32_U
0x039E	0x30E8      	MOVLW      232
0x039F	0x00F4      	MOVWF      R4
0x03A0	0x3003      	MOVLW      3
0x03A1	0x00F5      	MOVWF      R4+1
0x03A2	0x01F6      	CLRF       R4+2
0x03A3	0x01F7      	CLRF       R4+3
0x03A4	0x20BD      	CALL       _Div_32x32_U
0x03A5	0x0870      	MOVF       R0, 0
0x03A6	0x00F4      	MOVWF      R4
0x03A7	0x0871      	MOVF       R0+1, 0
0x03A8	0x00F5      	MOVWF      R4+1
0x03A9	0x0872      	MOVF       R0+2, 0
0x03AA	0x00F6      	MOVWF      R4+2
0x03AB	0x0873      	MOVF       R0+3, 0
0x03AC	0x00F7      	MOVWF      R4+3
0x03AD	0x0CF7      	RRF        R4+3, 1
0x03AE	0x0CF6      	RRF        R4+2, 1
0x03AF	0x0CF5      	RRF        R4+1, 1
0x03B0	0x0CF4      	RRF        R4, 1
0x03B1	0x13F7      	BCF        R4+3, 7
0x03B2	0x0874      	MOVF       R4, 0
0x03B3	0x00BD      	MOVWF      _Distance
0x03B4	0x0875      	MOVF       R4+1, 0
0x03B5	0x00BE      	MOVWF      _Distance+1
0x03B6	0x0876      	MOVF       R4+2, 0
0x03B7	0x00BF      	MOVWF      _Distance+2
0x03B8	0x0877      	MOVF       R4+3, 0
0x03B9	0x00C0      	MOVWF      _Distance+3
;embedded_firefighter.c,170 :: 		if (Distance > 100) {    // Limit max distance to 100 cm
0x03BA	0x0877      	MOVF       R4+3, 0
0x03BB	0x3C00      	SUBLW      0
0x03BC	0x1D03      	BTFSS      STATUS, 2
0x03BD	0x2BC8      	GOTO       L__read_sonar54
0x03BE	0x0876      	MOVF       R4+2, 0
0x03BF	0x3C00      	SUBLW      0
0x03C0	0x1D03      	BTFSS      STATUS, 2
0x03C1	0x2BC8      	GOTO       L__read_sonar54
0x03C2	0x0875      	MOVF       R4+1, 0
0x03C3	0x3C00      	SUBLW      0
0x03C4	0x1D03      	BTFSS      STATUS, 2
0x03C5	0x2BC8      	GOTO       L__read_sonar54
0x03C6	0x0874      	MOVF       R4, 0
0x03C7	0x3C64      	SUBLW      100
L__read_sonar54:
0x03C8	0x1803      	BTFSC      STATUS, 0
0x03C9	0x2BCF      	GOTO       L_read_sonar23
;embedded_firefighter.c,171 :: 		Distance = 100;
0x03CA	0x3064      	MOVLW      100
0x03CB	0x00BD      	MOVWF      _Distance
0x03CC	0x01BE      	CLRF       _Distance+1
0x03CD	0x01BF      	CLRF       _Distance+2
0x03CE	0x01C0      	CLRF       _Distance+3
;embedded_firefighter.c,172 :: 		}
L_read_sonar23:
;embedded_firefighter.c,173 :: 		}
L_end_read_sonar:
0x03CF	0x0008      	RETURN
; end of _read_sonar
___CC2DW:
;__Lib_System.c,134 :: 		
;__Lib_System.c,137 :: 		
_CC2D_Loop1:
;__Lib_System.c,139 :: 		
0x03D0	0x2235      	CALL       _____DoICP
0x03D1	0x118A      	BCF        PCLATH, 3
0x03D2	0x120A      	BCF        PCLATH, 4
;__Lib_System.c,141 :: 		
0x03D3	0x0080      	MOVWF      INDF
;__Lib_System.c,142 :: 		
0x03D4	0x0A84      	INCF       FSR, 1
;__Lib_System.c,143 :: 		
0x03D5	0x0AAB      	INCF       ___DoICPAddr, 1
;__Lib_System.c,145 :: 		
0x03D6	0x1903      	BTFSC      STATUS, 2
;__Lib_System.c,146 :: 		
0x03D7	0x0AAC      	INCF       ___DoICPAddr+1, 1
;__Lib_System.c,147 :: 		
0x03D8	0x03F0      	DECF       R0, 1
;__Lib_System.c,149 :: 		
0x03D9	0x1D03      	BTFSS      STATUS, 2
;__Lib_System.c,150 :: 		
0x03DA	0x2BD0      	GOTO       _CC2D_Loop1
;__Lib_System.c,152 :: 		
L_end___CC2DW:
0x03DB	0x0008      	RETURN
; end of ___CC2DW
_pwm_init:
;embedded_firefighter.c,42 :: 		void pwm_init() {
;embedded_firefighter.c,43 :: 		TRISC = TRISC & 0xF9;     // Set RC2 and RC1 pins as output (clear bits 2 and 3)
0x03DC	0x30F9      	MOVLW      249
0x03DD	0x1683      	BSF        STATUS, 5
0x03DE	0x1303      	BCF        STATUS, 6
0x03DF	0x0587      	ANDWF      TRISC, 1
;embedded_firefighter.c,44 :: 		CCP1CON = 0x0C;           // Configure CCP1 module for PWM mode
0x03E0	0x300C      	MOVLW      12
0x03E1	0x1283      	BCF        STATUS, 5
0x03E2	0x0097      	MOVWF      CCP1CON
;embedded_firefighter.c,45 :: 		CCP2CON = 0x0C;           // Configure CCP2 module for PWM mode
0x03E3	0x300C      	MOVLW      12
0x03E4	0x009D      	MOVWF      CCP2CON
;embedded_firefighter.c,46 :: 		T2CON = T2CON | 0x07;     // Turn on Timer2 with prescaler 16
0x03E5	0x3007      	MOVLW      7
0x03E6	0x0492      	IORWF      T2CON, 1
;embedded_firefighter.c,47 :: 		PR2 = 249;                // Set period register for ~50Hz PWM frequency (for servos)
0x03E7	0x30F9      	MOVLW      249
0x03E8	0x1683      	BSF        STATUS, 5
0x03E9	0x0092      	MOVWF      PR2
;embedded_firefighter.c,48 :: 		}
L_end_pwm_init:
0x03EA	0x0008      	RETURN
; end of _pwm_init
_ATD_init:
;embedded_firefighter.c,245 :: 		void ATD_init(void) {
;embedded_firefighter.c,246 :: 		ADCON0 = 0x41;        // Turn on ADC, select channel 0, Fosc/16
0x03EB	0x3041      	MOVLW      65
0x03EC	0x1283      	BCF        STATUS, 5
0x03ED	0x1303      	BCF        STATUS, 6
0x03EE	0x009F      	MOVWF      ADCON0
;embedded_firefighter.c,247 :: 		ADCON1 = 0xCE;        // Configure ADC port (RA0 analog, others digital), right justified
0x03EF	0x30CE      	MOVLW      206
0x03F0	0x1683      	BSF        STATUS, 5
0x03F1	0x009F      	MOVWF      ADCON1
;embedded_firefighter.c,248 :: 		TRISA = 0x01;         // Set RA0 as input (analog)
0x03F2	0x3001      	MOVLW      1
0x03F3	0x0085      	MOVWF      TRISA
;embedded_firefighter.c,249 :: 		}
L_end_ATD_init:
0x03F4	0x0008      	RETURN
; end of _ATD_init
_main:
;embedded_firefighter.c,101 :: 		void main() {
;embedded_firefighter.c,102 :: 		ADCON1 = 0x06;           // Configure PORTA pins as digital (except RA0 for analog)
0x03F5	0x3006      	MOVLW      6
0x03F6	0x1683      	BSF        STATUS, 5
0x03F7	0x1303      	BCF        STATUS, 6
0x03F8	0x009F      	MOVWF      ADCON1
;embedded_firefighter.c,103 :: 		TRISA = 0x00;            // Set PORTA as output (except RA0)
0x03F9	0x0185      	CLRF       TRISA
;embedded_firefighter.c,105 :: 		init();                  // Initialize ports and devices
0x03FA	0x226E      	CALL       _init
;embedded_firefighter.c,106 :: 		PORTD &= 0b11101111;     // Clear bit 4 of PORTD (pump off)
0x03FB	0x30EF      	MOVLW      239
0x03FC	0x0588      	ANDWF      PORTD, 1
;embedded_firefighter.c,107 :: 		TMR0 = 248;              // Timer0 initial value
0x03FD	0x30F8      	MOVLW      248
0x03FE	0x0081      	MOVWF      TMR0
;embedded_firefighter.c,109 :: 		CCP1CON = 0x00;          // Disable CCP1 module (prepare for capture)
0x03FF	0x0197      	CLRF       CCP1CON
;embedded_firefighter.c,110 :: 		OPTION_REG = 0x87;       // Configure Timer0 prescaler and source for 1ms interrupt
0x0400	0x3087      	MOVLW      135
0x0401	0x1683      	BSF        STATUS, 5
0x0402	0x0081      	MOVWF      OPTION_REG
;embedded_firefighter.c,111 :: 		INTCON = 0xF0;           // Enable interrupts (TMR0, TMR1, External, peripheral)
0x0403	0x30F0      	MOVLW      240
0x0404	0x008B      	MOVWF      INTCON
;embedded_firefighter.c,113 :: 		init_sonar();            // Initialize sonar sensor
0x0405	0x224F      	CALL       _init_sonar
;embedded_firefighter.c,114 :: 		ATD_init();              // Initialize ADC
0x0406	0x23EB      	CALL       _ATD_init
;embedded_firefighter.c,115 :: 		pwm_init();              // Initialize PWM for servos
0x0407	0x23DC      	CALL       _pwm_init
;embedded_firefighter.c,117 :: 		while(1) {
L_main7:
;embedded_firefighter.c,118 :: 		if (Distance < 20) {                 // If obstacle closer than 20 cm
0x0408	0x3000      	MOVLW      0
0x0409	0x1283      	BCF        STATUS, 5
0x040A	0x0240      	SUBWF      _Distance+3, 0
0x040B	0x1D03      	BTFSS      STATUS, 2
0x040C	0x2C17      	GOTO       L__main50
0x040D	0x3000      	MOVLW      0
0x040E	0x023F      	SUBWF      _Distance+2, 0
0x040F	0x1D03      	BTFSS      STATUS, 2
0x0410	0x2C17      	GOTO       L__main50
0x0411	0x3000      	MOVLW      0
0x0412	0x023E      	SUBWF      _Distance+1, 0
0x0413	0x1D03      	BTFSS      STATUS, 2
0x0414	0x2C17      	GOTO       L__main50
0x0415	0x3014      	MOVLW      20
0x0416	0x023D      	SUBWF      _Distance, 0
L__main50:
0x0417	0x1803      	BTFSC      STATUS, 0
0x0418	0x2C1C      	GOTO       L_main9
;embedded_firefighter.c,119 :: 		PORTE = 0x01 | PORTE;            // Turn off all motors (set RE0 high)
0x0419	0x1409      	BSF        PORTE, 0
;embedded_firefighter.c,120 :: 		motor_stop();                    // Stop motors
0x041A	0x224B      	CALL       _motor_stop
;embedded_firefighter.c,121 :: 		} else {
0x041B	0x2C55      	GOTO       L_main10
L_main9:
;embedded_firefighter.c,123 :: 		if (!(PORTD & 0b00000001)) {    // Right sensor flame detected (PORTD bit 0 low)
0x041C	0x1808      	BTFSC      PORTD, 0
0x041D	0x2C1F      	GOTO       L_main11
;embedded_firefighter.c,124 :: 		right_sensor();
0x041E	0x2296      	CALL       _right_sensor
;embedded_firefighter.c,125 :: 		}
L_main11:
;embedded_firefighter.c,126 :: 		if (!(PORTD & 0b00000100)) {    // Left sensor flame detected (PORTD bit 2 low)
0x041F	0x1908      	BTFSC      PORTD, 2
0x0420	0x2C22      	GOTO       L_main12
;embedded_firefighter.c,127 :: 		left_sensor();
0x0421	0x22B4      	CALL       _left_sensor
;embedded_firefighter.c,128 :: 		}
L_main12:
;embedded_firefighter.c,129 :: 		if (!(PORTD & 0b00000010)) {    // Middle sensor flame detected (PORTD bit 1 low)
0x0422	0x1888      	BTFSC      PORTD, 1
0x0423	0x2C55      	GOTO       L_main13
;embedded_firefighter.c,130 :: 		middle_sensor();
0x0424	0x22A5      	CALL       _middle_sensor
;embedded_firefighter.c,131 :: 		if (myVoltage / 10 > 3) {   // If voltage > 30 (arbitrary threshold)
0x0425	0x300A      	MOVLW      10
0x0426	0x00F4      	MOVWF      R4
0x0427	0x3000      	MOVLW      0
0x0428	0x00F5      	MOVWF      R4+1
0x0429	0x0837      	MOVF       _myVoltage, 0
0x042A	0x00F0      	MOVWF      R0
0x042B	0x0838      	MOVF       _myVoltage+1, 0
0x042C	0x00F1      	MOVWF      R0+1
0x042D	0x2279      	CALL       _Div_16X16_U
0x042E	0x0871      	MOVF       R0+1, 0
0x042F	0x3C00      	SUBLW      0
0x0430	0x1D03      	BTFSS      STATUS, 2
0x0431	0x2C34      	GOTO       L__main51
0x0432	0x0870      	MOVF       R0, 0
0x0433	0x3C03      	SUBLW      3
L__main51:
0x0434	0x1803      	BTFSC      STATUS, 0
0x0435	0x2C39      	GOTO       L_main14
;embedded_firefighter.c,132 :: 		PORTD &= 0b11101111;    // Clear bit 4 of PORTD (pump off)
0x0436	0x30EF      	MOVLW      239
0x0437	0x0588      	ANDWF      PORTD, 1
;embedded_firefighter.c,133 :: 		} else {
0x0438	0x2C55      	GOTO       L_main15
L_main14:
;embedded_firefighter.c,135 :: 		motor_stop();            // Stop motors
0x0439	0x224B      	CALL       _motor_stop
;embedded_firefighter.c,136 :: 		PORTD |= 0x10;           // Set bit 4 of PORTD (pump on)
0x043A	0x1608      	BSF        PORTD, 4
;embedded_firefighter.c,137 :: 		for(i = 0; i < 12; i++) {
0x043B	0x01C3      	CLRF       main_i_L4
0x043C	0x01C4      	CLRF       main_i_L4+1
L_main16:
0x043D	0x3080      	MOVLW      128
0x043E	0x0644      	XORWF      main_i_L4+1, 0
0x043F	0x00F0      	MOVWF      R0
0x0440	0x3080      	MOVLW      128
0x0441	0x0270      	SUBWF      R0, 0
0x0442	0x1D03      	BTFSS      STATUS, 2
0x0443	0x2C46      	GOTO       L__main52
0x0444	0x300C      	MOVLW      12
0x0445	0x0243      	SUBWF      main_i_L4, 0
L__main52:
0x0446	0x1803      	BTFSC      STATUS, 0
0x0447	0x2C53      	GOTO       L_main17
;embedded_firefighter.c,138 :: 		set_servo_position1(0);     // Move servo 1 to 0 degrees
0x0448	0x01C5      	CLRF       FARG_set_servo_position1_degrees
0x0449	0x01C6      	CLRF       FARG_set_servo_position1_degrees+1
0x044A	0x22FD      	CALL       _set_servo_position1
;embedded_firefighter.c,139 :: 		set_servo_position1(180);   // Move servo 1 to 180 degrees
0x044B	0x30B4      	MOVLW      180
0x044C	0x00C5      	MOVWF      FARG_set_servo_position1_degrees
0x044D	0x01C6      	CLRF       FARG_set_servo_position1_degrees+1
0x044E	0x22FD      	CALL       _set_servo_position1
;embedded_firefighter.c,137 :: 		for(i = 0; i < 12; i++) {
0x044F	0x0AC3      	INCF       main_i_L4, 1
0x0450	0x1903      	BTFSC      STATUS, 2
0x0451	0x0AC4      	INCF       main_i_L4+1, 1
;embedded_firefighter.c,140 :: 		}
0x0452	0x2C3D      	GOTO       L_main16
L_main17:
;embedded_firefighter.c,141 :: 		PORTD &= 0b11101111;    // Clear bit 4 of PORTD (pump off)
0x0453	0x30EF      	MOVLW      239
0x0454	0x0588      	ANDWF      PORTD, 1
;embedded_firefighter.c,142 :: 		}
L_main15:
;embedded_firefighter.c,143 :: 		}
L_main13:
;embedded_firefighter.c,144 :: 		}
L_main10:
;embedded_firefighter.c,145 :: 		motor_stop();    // Stop motors if no flame detected
0x0455	0x224B      	CALL       _motor_stop
;embedded_firefighter.c,146 :: 		}
0x0456	0x2C08      	GOTO       L_main7
;embedded_firefighter.c,147 :: 		}
L_end_main:
0x0457	0x2C57      	GOTO       $+0
; end of _main
Symbol List:
//** Routines locations **
//ADDRESS    SIZE    PROCEDURE
//----------------------------------------------
0x0004     [109]    _interrupt
0x0071      [21]    _usDelay
0x0086      [55]    _Mul_32x32_U
0x00BD     [376]    _Div_32x32_U
0x0235       [7]    _____DoICP
0x023C       [5]    _motor_right
0x0241       [5]    _motor_left
0x0246       [5]    _motor_forward
0x024B       [4]    _motor_stop
0x024F      [31]    _init_sonar
0x026E      [11]    _init
0x0279      [29]    _Div_16X16_U
0x0296      [15]    _right_sensor
0x02A5      [15]    _middle_sensor
0x02B4      [15]    _left_sensor
0x02C3      [15]    _ATD_read
0x02D2      [43]    _Mul_16X16_U
0x02FD      [79]    _set_servo_position1
0x034C     [132]    _read_sonar
0x03D0      [12]    ___CC2DW
0x03DC      [15]    _pwm_init
0x03EB      [10]    _ATD_init
0x03F5      [99]    _main
//** Variables locations ** 
//ADDRESS    SIZE    VARIABLE
//----------------------------------------------
0x0000       [1]    INDF
0x0001       [1]    TMR0
0x0002       [1]    PCL
0x0003       [1]    STATUS
0x0004       [1]    FSR
0x0006       [1]    PORTB
0x0008       [1]    PORTD
0x0009       [1]    PORTE
0x000A       [1]    PCLATH
0x000B       [1]    INTCON
0x000C       [1]    PIR1
0x000E       [1]    TMR1L
0x000F       [1]    TMR1H
0x0010       [1]    T1CON
0x0012       [1]    T2CON
0x0015       [1]    CCPR1L
0x0017       [1]    CCP1CON
0x001D       [1]    CCP2CON
0x001E       [1]    ADRESH
0x001F       [1]    ADCON0
0x0020       [1]    ___math_tempb
0x002B       [2]    ___DoICPAddr
0x002D       [2]    _T1overflow
0x002F       [4]    _T1counts
0x0033       [4]    _T1time
0x0037       [2]    _myVoltage
0x0039       [2]    _Dcntr
0x003B       [2]    _myreading
0x003D       [4]    _Distance
0x0041       [1]    ___saveSTATUS
0x0042       [1]    ___savePCLATH
0x0043       [2]    main_i_L4
0x0045       [2]    FARG_set_servo_position1_degrees
0x0047       [2]    FARG_usDelay_usCnt
0x0049       [2]    usDelay_us_L0
0x0070       [1]    R0
0x0071       [1]    R1
0x0072       [1]    R2
0x0073       [1]    R3
0x0074       [1]    R4
0x0075       [1]    R5
0x0076       [1]    R6
0x0077       [1]    R7
0x0078       [1]    R8
0x0079       [1]    R9
0x007A       [1]    R10
0x007B       [1]    R11
0x007C       [1]    R12
0x007D       [1]    R13
0x007E       [1]    R14
0x007F       [1]    R15
0x0081       [1]    OPTION_REG
0x0085       [1]    TRISA
0x0086       [1]    TRISB
0x0087       [1]    TRISC
0x0088       [1]    TRISD
0x0089       [1]    TRISE
0x008C       [1]    PIE1
0x0092       [1]    PR2
0x009E       [1]    ADRESL
0x009F       [1]    ADCON1
